SF:lib\config\env.dart
DA:14,4
DA:16,4
DA:17,4
DA:19,4
DA:20,4
DA:21,4
DA:23,4
DA:24,8
DA:25,4
DA:27,8
DA:28,4
DA:30,8
DA:34,4
DA:35,8
DA:36,4
DA:37,4
DA:41,2
DA:42,1
DA:43,1
DA:49,2
DA:50,2
DA:61,2
DA:67,6
DA:69,6
DA:76,0
DA:77,0
DA:78,0
DA:79,0
DA:81,0
DA:82,0
DA:93,0
DA:99,1
DA:101,1
DA:103,0
DA:104,0
DA:107,0
DA:108,0
DA:109,0
DA:111,0
DA:112,0
DA:116,5
LF:41
LH:27
end_of_record
SF:lib\models\category.dart
DA:20,31
DA:36,14
DA:37,14
DA:38,28
DA:39,28
DA:40,42
DA:41,28
DA:42,28
DA:43,28
DA:44,28
DA:45,28
DA:46,28
DA:47,28
DA:48,28
DA:49,28
DA:50,56
DA:54,29
DA:55,29
DA:56,29
DA:57,29
DA:58,58
DA:59,29
DA:60,29
DA:61,29
DA:62,29
DA:63,29
DA:64,29
DA:65,29
DA:66,58
DA:67,31
DA:68,29
DA:72,2
DA:87,2
DA:88,2
DA:89,2
DA:90,2
DA:91,2
DA:92,2
DA:93,2
DA:94,2
DA:95,1
DA:96,2
DA:97,2
DA:98,2
DA:99,0
DA:100,2
DA:108,0
DA:111,0
DA:114,0
DA:115,0
DA:121,87
DA:122,29
DA:130,29
DA:132,29
DA:140,29
DA:142,29
DA:150,29
DA:152,29
DA:160,29
DA:162,29
DA:170,29
DA:174,87
DA:175,29
DA:183,29
DA:185,29
DA:193,29
DA:195,29
DA:203,29
DA:205,29
DA:213,29
DA:215,29
DA:223,29
DA:225,29
DA:233,29
DA:235,29
DA:243,29
DA:245,29
DA:253,29
DA:255,29
DA:263,29
DA:265,29
DA:273,29
DA:277,87
DA:279,116
LF:84
LH:79
end_of_record
SF:lib\models\transaction.dart
DA:25,23
DA:40,2
DA:42,20
DA:43,20
DA:44,40
DA:45,40
DA:46,60
DA:47,40
DA:48,40
DA:49,40
DA:50,40
DA:51,40
DA:52,40
DA:53,40
DA:54,40
DA:55,80
DA:59,21
DA:60,21
DA:61,21
DA:62,21
DA:63,42
DA:64,21
DA:65,21
DA:66,21
DA:67,21
DA:68,42
DA:69,29
DA:70,21
DA:71,21
DA:72,21
DA:76,6
DA:90,6
DA:91,6
DA:92,4
DA:93,6
DA:94,4
DA:95,5
DA:96,6
DA:97,5
DA:98,6
DA:99,2
DA:100,6
DA:101,6
DA:102,6
DA:110,0
DA:113,0
DA:116,0
DA:119,0
DA:120,0
DA:121,0
DA:122,0
DA:123,0
DA:124,0
DA:125,0
DA:130,0
DA:131,0
LF:56
LH:44
end_of_record
SF:lib\models\wallet.dart
DA:32,34
DA:50,24
DA:51,24
DA:52,48
DA:53,48
DA:54,72
DA:55,48
DA:56,48
DA:57,48
DA:58,48
DA:59,48
DA:60,48
DA:61,48
DA:62,48
DA:63,48
DA:64,48
DA:65,48
DA:66,96
DA:70,29
DA:71,29
DA:72,29
DA:73,29
DA:74,58
DA:75,29
DA:76,29
DA:77,29
DA:78,29
DA:79,29
DA:80,29
DA:81,29
DA:82,29
DA:83,29
DA:84,58
DA:85,50
DA:86,29
DA:90,20
DA:107,20
DA:108,20
DA:109,20
DA:110,20
DA:111,20
DA:112,20
DA:113,2
DA:114,20
DA:115,20
DA:116,20
DA:117,19
DA:118,20
DA:119,20
DA:120,20
DA:121,0
DA:122,20
DA:130,2
DA:131,2
DA:132,2
DA:134,0
DA:136,0
DA:138,0
DA:140,0
DA:142,0
DA:144,0
DA:150,0
DA:151,0
DA:152,0
DA:154,0
DA:156,0
DA:158,0
DA:160,0
DA:162,0
DA:164,0
DA:170,19
DA:171,19
DA:173,19
DA:178,0
DA:179,0
LF:75
LH:57
end_of_record
SF:lib\services\ai_chat_service.dart
DA:16,1
DA:23,1
DA:31,1
DA:32,1
DA:34,1
DA:35,1
DA:36,1
DA:39,6
DA:50,1
DA:56,1
DA:57,1
DA:58,4
DA:60,1
DA:61,1
DA:62,1
DA:63,2
DA:64,5
DA:65,5
DA:67,4
DA:68,2
DA:69,5
DA:73,1
DA:74,1
DA:75,1
DA:76,8
DA:78,3
DA:79,1
DA:80,1
DA:87,0
DA:89,1
DA:90,1
DA:92,3
DA:94,1
DA:99,2
DA:101,1
DA:104,2
DA:105,1
DA:111,3
DA:117,1
DA:118,2
DA:120,2
DA:121,2
DA:122,1
DA:123,1
DA:124,2
DA:127,0
DA:132,0
DA:135,1
DA:136,1
DA:137,1
DA:138,3
DA:139,1
DA:140,1
DA:141,2
DA:142,1
DA:145,2
DA:146,2
DA:147,0
DA:148,0
DA:150,0
DA:151,0
DA:152,0
DA:154,1
DA:155,2
DA:156,1
DA:160,1
DA:166,1
DA:167,2
DA:168,2
DA:169,2
DA:170,1
DA:171,2
DA:172,0
DA:173,2
DA:174,1
DA:175,1
DA:177,4
DA:178,1
DA:180,4
DA:181,3
DA:182,1
DA:183,2
DA:185,5
DA:187,1
DA:188,0
DA:190,0
DA:195,1
DA:196,4
DA:197,1
DA:198,1
DA:199,3
DA:200,4
DA:201,2
DA:205,1
DA:211,1
DA:212,1
DA:213,1
DA:216,1
DA:222,1
DA:223,1
DA:224,1
DA:226,1
DA:227,2
DA:228,1
DA:229,1
DA:231,1
DA:232,1
DA:238,1
DA:241,1
DA:247,1
DA:248,1
DA:249,1
DA:251,1
DA:252,2
DA:253,1
DA:254,1
DA:256,1
DA:257,1
DA:263,1
DA:264,1
DA:267,1
DA:275,1
DA:276,1
DA:277,1
DA:278,1
DA:279,1
DA:280,1
DA:284,1
DA:289,4
DA:290,4
DA:291,4
DA:292,4
DA:293,4
DA:295,4
DA:296,3
DA:297,3
DA:298,1
DA:300,6
DA:301,1
DA:303,5
DA:304,1
DA:306,3
DA:307,3
DA:308,9
DA:309,1
DA:311,5
DA:312,1
DA:314,1
DA:315,2
DA:316,3
DA:317,3
DA:318,9
DA:319,1
DA:321,1
DA:322,2
DA:323,2
DA:324,2
DA:325,2
DA:326,1
DA:327,2
DA:328,4
DA:329,3
DA:330,1
DA:332,2
DA:333,7
DA:334,4
DA:335,1
DA:336,1
DA:337,1
DA:338,1
DA:339,1
DA:340,2
DA:341,3
DA:342,5
DA:343,2
DA:344,2
DA:348,4
DA:349,1
DA:350,7
DA:351,4
DA:352,1
DA:353,2
DA:355,2
DA:356,3
DA:357,4
DA:358,1
DA:360,1
DA:361,1
DA:364,1
DA:367,1
DA:378,1
DA:385,1
DA:386,2
DA:387,4
DA:388,2
DA:389,2
DA:390,4
DA:391,2
DA:392,4
DA:394,1
DA:396,7
DA:398,3
DA:399,1
DA:400,2
DA:401,2
DA:403,1
DA:405,1
DA:406,2
DA:407,2
DA:408,3
DA:409,3
DA:411,2
DA:412,5
DA:413,7
DA:416,4
DA:417,4
DA:418,3
DA:419,1
DA:420,1
DA:422,1
DA:423,2
DA:424,3
DA:425,3
DA:426,9
DA:427,1
DA:428,3
DA:429,7
DA:430,1
DA:431,1
DA:432,1
DA:434,2
DA:435,5
DA:436,1
DA:437,1
DA:438,4
DA:439,1
DA:440,2
DA:441,2
DA:442,4
DA:443,1
DA:445,1
DA:447,2
DA:448,2
DA:449,1
DA:450,1
DA:451,1
DA:452,1
DA:455,2
DA:456,1
DA:457,2
DA:458,1
DA:460,1
DA:461,3
DA:463,2
DA:464,2
DA:465,3
DA:467,1
DA:468,1
DA:469,0
DA:470,0
DA:471,0
DA:473,3
DA:474,2
DA:475,1
DA:476,1
DA:477,1
DA:478,1
DA:479,1
DA:480,1
DA:481,7
DA:482,3
DA:485,1
DA:486,1
DA:487,1
DA:489,1
DA:491,1
DA:492,2
DA:493,1
DA:494,1
DA:495,1
DA:497,1
DA:498,1
DA:499,1
DA:503,1
DA:510,4
DA:511,1
DA:512,7
DA:514,1
DA:515,3
DA:516,1
DA:517,2
DA:519,2
DA:520,3
DA:521,4
DA:523,1
DA:524,1
DA:526,1
DA:527,2
DA:528,2
DA:529,2
DA:530,4
DA:531,1
DA:532,4
DA:534,1
DA:537,2
DA:538,1
DA:539,2
DA:540,2
DA:541,2
DA:544,2
DA:545,2
DA:546,1
DA:547,2
DA:548,3
DA:550,1
DA:553,1
DA:555,1
DA:556,1
DA:560,0
DA:561,0
DA:563,0
DA:564,0
DA:567,0
DA:570,0
DA:571,0
DA:572,0
DA:574,0
DA:575,0
DA:579,1
DA:580,1
DA:581,2
DA:582,2
DA:583,3
DA:584,3
DA:587,0
DA:590,0
DA:593,0
DA:594,0
DA:595,0
DA:596,0
DA:599,0
DA:603,0
DA:604,0
DA:605,0
DA:606,0
DA:608,0
DA:609,0
DA:613,0
DA:616,0
DA:618,0
DA:619,0
DA:620,0
DA:622,0
DA:623,0
DA:624,0
DA:625,0
DA:626,0
DA:627,0
DA:628,0
DA:631,0
DA:634,0
DA:636,0
DA:637,0
DA:638,0
DA:639,0
DA:640,0
DA:642,0
DA:644,0
DA:645,0
DA:646,0
DA:647,0
DA:649,0
DA:653,0
DA:654,0
DA:655,0
DA:656,0
DA:657,0
DA:658,0
DA:659,0
DA:660,0
DA:662,0
DA:665,0
DA:667,0
DA:668,0
DA:669,0
DA:670,0
DA:674,0
DA:678,0
DA:688,0
DA:689,0
DA:691,0
DA:692,0
DA:693,0
DA:694,0
DA:695,0
DA:697,0
DA:698,0
DA:701,0
DA:704,0
DA:705,0
DA:708,0
DA:713,0
DA:715,0
DA:716,0
DA:717,0
DA:720,0
DA:721,0
DA:724,0
DA:729,0
DA:730,0
DA:731,0
DA:732,0
DA:733,0
DA:734,0
DA:736,0
DA:738,0
DA:744,0
DA:746,0
DA:747,0
DA:748,0
DA:750,0
DA:753,0
DA:754,0
DA:756,0
DA:757,0
DA:758,0
DA:763,0
DA:764,0
DA:765,0
DA:766,0
DA:767,0
DA:768,0
DA:769,0
DA:770,0
DA:771,0
DA:773,0
DA:774,0
DA:777,0
DA:778,0
DA:779,0
DA:780,0
DA:781,0
DA:782,0
DA:783,0
DA:784,0
DA:785,0
DA:787,0
DA:789,0
DA:798,0
LF:449
LH:310
end_of_record
SF:lib\services\ai_service.dart
DA:2,0
DA:3,0
DA:12,4
DA:13,4
LF:4
LH:2
end_of_record
SF:lib\services\hive_database_service.dart
DA:19,60
DA:20,30
DA:47,0
DA:50,29
DA:51,29
DA:56,87
DA:57,87
DA:58,87
DA:59,87
DA:60,87
DA:61,87
DA:62,87
DA:63,87
DA:64,87
DA:65,87
DA:68,29
DA:70,29
DA:71,58
DA:73,0
DA:74,0
DA:79,29
DA:80,87
DA:83,58
DA:86,58
DA:87,145
DA:91,29
DA:99,29
DA:101,145
DA:104,58
DA:105,29
DA:107,116
DA:110,58
DA:111,58
DA:112,116
DA:114,58
DA:120,11
DA:121,11
DA:122,22
DA:123,38
DA:124,11
DA:125,39
DA:128,3
DA:129,3
DA:130,6
DA:131,12
DA:132,12
DA:133,3
DA:134,15
DA:137,4
DA:138,4
DA:139,8
DA:140,16
DA:141,16
DA:142,4
DA:143,20
DA:146,14
DA:150,14
DA:151,28
DA:152,47
DA:153,25
DA:154,33
DA:155,33
DA:156,14
DA:157,58
DA:160,12
DA:161,12
DA:162,24
DA:163,22
DA:166,21
DA:167,21
DA:168,105
DA:169,21
DA:172,7
DA:173,7
DA:174,14
DA:176,7
DA:178,35
DA:179,7
DA:182,8
DA:183,8
DA:184,8
DA:186,8
DA:187,16
DA:193,12
DA:194,12
DA:195,24
DA:196,48
DA:197,36
DA:198,12
DA:199,28
DA:202,4
DA:203,4
DA:204,8
DA:205,16
DA:206,4
DA:209,21
DA:210,21
DA:211,42
DA:212,40
DA:215,15
DA:216,15
DA:217,75
DA:220,19
DA:221,19
DA:222,95
DA:225,2
DA:226,2
DA:227,2
DA:228,4
DA:229,8
DA:230,8
DA:231,2
DA:232,4
DA:235,2
DA:236,2
DA:237,2
DA:238,2
DA:239,10
DA:240,4
DA:241,2
DA:242,4
DA:243,10
DA:244,2
DA:246,2
DA:247,0
DA:248,0
DA:249,0
DA:250,0
DA:254,2
DA:255,2
DA:256,2
DA:258,4
DA:259,8
DA:263,1
DA:264,1
DA:265,2
DA:270,15
DA:271,15
DA:272,28
DA:273,56
DA:274,42
DA:275,14
DA:276,70
DA:279,1
DA:280,1
DA:281,2
DA:282,4
DA:283,5
DA:284,1
DA:285,5
DA:288,2
DA:289,2
DA:290,4
DA:291,4
DA:294,5
DA:295,5
DA:296,25
DA:299,1
DA:300,1
DA:301,5
DA:304,2
DA:305,2
DA:306,2
DA:307,2
DA:308,4
DA:309,8
DA:313,3
DA:314,3
DA:315,3
DA:318,3
DA:319,3
DA:320,3
DA:321,6
DA:322,6
DA:323,15
DA:329,6
DA:330,6
DA:331,12
DA:332,12
DA:333,10
DA:334,6
DA:335,14
DA:338,5
DA:339,5
DA:340,10
DA:341,10
DA:344,5
DA:345,5
DA:346,25
DA:349,1
DA:350,1
DA:351,5
DA:354,1
DA:355,1
DA:356,2
DA:361,8
DA:362,8
DA:363,16
DA:365,16
DA:367,0
DA:370,1
DA:371,1
DA:372,2
DA:373,4
DA:378,3
DA:379,3
DA:380,6
DA:381,6
DA:382,3
DA:383,7
DA:386,0
DA:387,0
DA:388,0
DA:389,0
DA:392,1
DA:393,1
DA:394,5
DA:397,1
DA:398,1
DA:399,5
DA:402,0
DA:403,0
DA:404,0
DA:409,3
DA:410,3
DA:411,6
DA:412,6
DA:413,3
DA:414,7
DA:417,0
DA:418,0
DA:419,0
DA:420,0
DA:421,0
DA:422,0
DA:423,0
DA:426,1
DA:427,1
DA:428,2
DA:429,2
DA:432,1
DA:433,1
DA:434,5
DA:437,1
DA:438,1
DA:439,5
DA:442,0
DA:443,0
DA:444,0
DA:447,1
DA:448,1
DA:449,2
DA:450,4
DA:451,4
DA:452,1
DA:453,5
DA:458,0
DA:459,0
DA:460,0
DA:461,0
DA:462,0
DA:465,0
DA:466,0
DA:467,0
DA:468,0
DA:471,0
DA:472,0
DA:473,0
DA:476,0
DA:477,0
DA:478,0
DA:481,0
DA:482,0
DA:483,0
DA:488,1
DA:489,1
DA:490,2
DA:493,1
DA:494,1
DA:495,2
DA:500,1
DA:501,1
DA:502,2
DA:503,3
DA:504,1
DA:507,2
DA:508,2
DA:509,4
DA:510,8
DA:513,1
DA:514,1
DA:515,2
DA:516,4
DA:519,1
DA:520,1
DA:521,2
DA:524,1
DA:525,1
DA:526,2
DA:529,2
DA:530,2
DA:531,4
DA:536,21
DA:537,42
DA:540,19
DA:542,19
DA:543,19
DA:544,16
DA:546,19
DA:547,38
DA:549,3
DA:550,6
DA:551,3
DA:552,6
DA:554,3
DA:555,12
DA:562,38
DA:565,11
DA:566,22
DA:569,10
DA:571,10
DA:572,10
DA:573,2
DA:575,10
DA:576,18
DA:578,1
DA:579,2
DA:580,1
DA:581,2
DA:583,1
DA:584,4
DA:591,20
DA:594,30
DA:595,30
DA:596,1
DA:602,2
DA:603,2
DA:604,4
DA:605,4
DA:606,4
DA:607,4
DA:608,4
DA:609,4
DA:610,4
DA:611,4
DA:612,4
DA:613,2
DA:617,0
DA:618,0
DA:619,0
DA:620,0
DA:621,0
DA:622,0
DA:623,0
DA:624,0
DA:625,0
DA:626,0
DA:627,0
DA:628,0
DA:632,0
DA:633,0
DA:634,0
DA:635,0
DA:638,0
DA:639,0
DA:640,0
DA:641,0
DA:642,0
DA:643,0
DA:644,0
DA:645,0
DA:646,0
DA:650,2
DA:651,2
DA:652,2
DA:653,10
DA:654,10
DA:655,10
DA:656,8
DA:657,6
DA:658,6
DA:659,4
DA:660,4
DA:665,1
DA:666,1
DA:669,1
DA:670,2
DA:671,1
DA:672,5
DA:677,1
DA:678,2
DA:679,1
DA:680,5
DA:685,1
DA:686,2
DA:687,1
DA:688,5
DA:693,1
DA:694,1
DA:695,0
DA:696,0
DA:701,1
DA:702,1
DA:703,0
DA:704,0
DA:709,1
DA:710,1
DA:711,0
DA:712,0
DA:717,1
DA:718,2
DA:719,4
DA:727,1
DA:728,1
DA:729,1
DA:732,1
DA:733,1
DA:735,2
DA:736,2
DA:737,1
DA:738,1
DA:739,2
DA:741,1
DA:742,2
DA:744,0
DA:745,0
DA:750,2
DA:751,0
DA:760,1
DA:761,1
DA:762,1
DA:763,1
DA:765,2
DA:766,2
DA:767,1
DA:768,3
DA:769,1
DA:772,3
DA:773,1
DA:781,0
DA:782,0
DA:783,0
DA:786,0
DA:787,0
DA:788,0
DA:789,0
DA:794,28
DA:795,28
DA:796,56
DA:797,56
DA:798,56
DA:799,56
DA:800,56
DA:801,56
DA:802,56
DA:803,56
DA:804,56
DA:805,28
DA:813,1
DA:815,0
DA:816,0
LF:461
LH:375
end_of_record
SF:lib\models\budget.dart
DA:31,5
DA:50,5
DA:51,5
DA:52,10
DA:53,10
DA:54,10
DA:55,10
DA:56,10
DA:57,10
DA:58,15
DA:59,10
DA:60,10
DA:61,10
DA:62,10
DA:63,10
DA:64,10
DA:65,10
DA:66,10
DA:67,20
DA:71,5
DA:72,5
DA:73,5
DA:74,5
DA:75,5
DA:76,5
DA:77,5
DA:78,5
DA:79,10
DA:80,10
DA:81,10
DA:82,5
DA:83,5
DA:84,5
DA:85,5
DA:86,10
DA:87,5
DA:88,5
DA:92,1
DA:110,1
DA:111,1
DA:112,1
DA:113,1
DA:114,1
DA:115,1
DA:116,0
DA:117,1
DA:118,1
DA:119,1
DA:120,1
DA:121,1
DA:122,1
DA:123,1
DA:124,1
DA:125,1
DA:126,1
DA:134,1
DA:135,2
DA:136,4
DA:140,0
DA:143,0
DA:146,0
DA:149,0
DA:150,0
DA:151,0
DA:152,0
DA:156,0
DA:157,0
DA:158,0
DA:160,0
DA:162,0
DA:164,0
DA:166,0
DA:172,0
DA:173,0
DA:174,0
DA:179,0
DA:180,0
DA:182,0
DA:187,0
DA:188,0
LF:80
LH:57
end_of_record
SF:lib\utils\safe_json_parse.dart
DA:4,31
DA:6,31
DA:7,0
DA:10,62
DA:12,29
DA:14,29
DA:15,29
DA:16,29
DA:17,29
DA:20,20
DA:22,20
DA:23,0
DA:24,0
DA:28,27
DA:30,27
DA:31,0
DA:32,0
LF:17
LH:12
end_of_record
SF:lib\models\categorization_rule.dart
DA:24,2
DA:37,2
DA:38,2
DA:40,2
DA:41,2
DA:42,4
DA:43,4
DA:46,1
DA:47,1
DA:48,2
DA:49,2
DA:50,2
DA:51,2
DA:52,3
DA:53,3
DA:54,2
DA:55,2
DA:56,2
DA:57,2
DA:61,1
DA:62,1
DA:63,1
DA:64,1
DA:65,1
DA:66,1
DA:67,2
DA:68,2
DA:69,1
DA:70,1
DA:71,2
DA:72,2
DA:76,1
DA:88,1
DA:89,1
DA:90,1
DA:91,1
DA:92,1
DA:93,1
DA:94,1
DA:95,1
DA:96,0
DA:97,1
DA:98,0
DA:102,1
DA:103,1
DA:104,2
DA:105,1
DA:109,1
DA:111,1
DA:112,2
DA:113,2
LF:51
LH:49
end_of_record
SF:lib\models\goal.dart
DA:21,1
DA:37,0
DA:38,0
DA:40,0
DA:41,0
DA:42,0
DA:44,1
DA:45,1
DA:46,2
DA:47,2
DA:48,3
DA:49,2
DA:50,2
DA:51,2
DA:52,2
DA:53,2
DA:54,3
DA:55,2
DA:56,2
DA:57,2
DA:58,2
DA:62,1
DA:63,1
DA:64,1
DA:65,1
DA:66,2
DA:67,1
DA:68,1
DA:69,1
DA:70,1
DA:71,1
DA:72,2
DA:73,1
DA:74,1
DA:75,2
DA:76,2
DA:80,1
DA:95,1
DA:96,1
DA:97,1
DA:98,1
DA:99,1
DA:100,0
DA:101,1
DA:102,1
DA:103,1
DA:104,1
DA:105,1
DA:106,1
DA:107,1
DA:108,0
LF:51
LH:44
end_of_record
SF:lib\models\recurring_transaction.dart
DA:24,1
DA:43,1
DA:44,1
DA:45,2
DA:46,2
DA:47,3
DA:48,2
DA:49,2
DA:50,2
DA:51,2
DA:52,3
DA:53,2
DA:54,2
DA:55,2
DA:56,2
DA:57,2
DA:58,2
DA:59,2
DA:60,2
DA:64,1
DA:65,1
DA:66,1
DA:67,1
DA:68,2
DA:69,1
DA:70,1
DA:71,1
DA:72,1
DA:73,2
DA:74,1
DA:75,2
DA:76,2
DA:77,2
DA:78,2
DA:79,1
DA:80,2
DA:81,2
DA:85,1
DA:103,1
DA:104,1
DA:105,1
DA:106,1
DA:107,1
DA:108,1
DA:109,1
DA:110,1
DA:111,1
DA:112,1
DA:113,1
DA:114,1
DA:115,0
DA:116,0
DA:117,1
DA:118,1
DA:119,0
DA:123,0
DA:124,0
DA:125,0
DA:126,0
DA:127,0
DA:128,0
DA:129,0
DA:130,0
DA:131,0
DA:132,0
LF:65
LH:52
end_of_record
SF:lib\models\user_settings.dart
DA:18,10
DA:26,9
DA:27,9
DA:28,18
DA:29,18
DA:30,18
DA:31,18
DA:32,18
DA:36,30
DA:37,30
DA:38,30
DA:39,30
DA:40,30
DA:41,30
DA:42,30
DA:70,31
DA:93,9
DA:94,9
DA:95,9
DA:96,27
DA:97,27
DA:98,18
DA:99,18
DA:100,18
DA:101,18
DA:102,18
DA:103,18
DA:104,18
DA:105,18
DA:106,18
DA:107,18
DA:108,18
DA:109,18
DA:110,18
DA:111,18
DA:112,18
DA:113,18
DA:114,18
DA:115,36
DA:119,30
DA:120,30
DA:121,60
DA:122,60
DA:123,30
DA:124,30
DA:125,30
DA:126,30
DA:127,30
DA:128,30
DA:129,30
DA:130,30
DA:131,30
DA:132,30
DA:133,30
DA:134,30
DA:135,30
DA:136,30
DA:137,30
DA:138,60
DA:139,31
DA:140,30
DA:145,30
DA:146,30
DA:147,30
DA:151,30
DA:173,30
DA:174,30
DA:175,30
DA:176,30
DA:177,30
DA:178,30
DA:179,30
DA:180,30
DA:181,30
DA:182,30
DA:183,30
DA:184,30
DA:185,30
DA:186,30
DA:187,2
DA:188,30
DA:189,30
DA:190,30
DA:191,30
DA:192,30
DA:193,30
DA:201,0
DA:202,0
DA:203,0
DA:204,0
DA:208,0
DA:209,0
DA:210,0
DA:212,0
DA:214,0
DA:220,0
DA:221,0
DA:241,0
LF:98
LH:86
end_of_record
SF:lib\repositories\transaction_repository.dart
DA:9,7
DA:13,6
DA:15,0
DA:17,0
DA:18,0
DA:20,0
DA:21,0
DA:23,7
DA:24,14
DA:26,0
DA:28,0
DA:29,0
DA:31,0
DA:36,7
DA:41,7
DA:44,5
DA:52,12
DA:53,5
DA:54,5
DA:55,6
DA:56,3
DA:58,4
DA:59,8
DA:60,4
DA:62,1
DA:68,7
DA:73,7
DA:76,7
DA:81,5
DA:82,5
DA:83,15
DA:84,20
DA:86,5
DA:94,1
DA:95,1
DA:96,4
DA:97,4
DA:98,1
DA:100,1
DA:108,2
DA:109,2
DA:112,5
DA:115,6
DA:116,4
DA:120,1
DA:125,1
DA:128,0
DA:131,1
DA:132,5
DA:133,6
DA:140,2
DA:145,2
DA:147,0
DA:150,2
DA:151,2
DA:152,2
DA:153,0
DA:154,0
DA:169,9
DA:180,6
DA:183,3
DA:184,10
DA:187,3
DA:188,15
DA:189,3
DA:193,3
DA:194,15
LF:67
LH:54
end_of_record
SF:lib\constants\app_theme.dart
DA:154,0
DA:155,0
DA:179,0
DA:186,0
DA:190,0
DA:197,0
DA:198,0
DA:202,0
DA:205,0
DA:206,0
DA:207,0
DA:213,0
DA:214,0
DA:218,0
DA:220,0
DA:221,0
DA:223,0
DA:228,0
DA:229,0
DA:232,0
DA:233,0
DA:235,0
DA:240,0
DA:243,0
DA:244,0
DA:247,0
DA:248,0
DA:251,0
DA:252,0
DA:255,0
DA:256,0
DA:260,0
DA:261,0
DA:273,0
DA:275,0
DA:276,0
DA:277,0
DA:294,0
DA:295,0
DA:296,0
DA:297,0
DA:298,0
DA:299,0
DA:300,0
DA:301,0
DA:302,0
DA:303,0
DA:304,0
DA:305,0
DA:306,0
DA:307,0
DA:308,0
DA:314,0
DA:315,0
DA:346,0
DA:353,0
DA:357,0
DA:364,0
DA:365,0
DA:369,0
DA:372,0
DA:373,0
DA:374,0
DA:381,0
DA:382,0
DA:386,0
DA:388,0
DA:389,0
DA:391,0
DA:396,0
DA:397,0
DA:400,0
DA:401,0
DA:403,0
DA:408,0
DA:409,0
DA:413,0
DA:414,0
DA:416,0
DA:421,0
DA:424,0
DA:425,0
DA:428,0
DA:429,0
DA:432,0
DA:433,0
DA:436,0
DA:437,0
DA:441,0
DA:442,0
DA:454,0
DA:456,0
DA:457,0
DA:458,0
DA:460,0
DA:483,0
DA:484,0
DA:485,0
DA:486,0
DA:487,0
DA:488,0
DA:489,0
DA:490,0
DA:491,0
DA:492,0
DA:493,0
DA:494,0
DA:495,0
DA:496,0
DA:497,0
DA:505,0
DA:506,0
DA:507,0
DA:509,0
DA:511,0
DA:519,0
DA:535,3
DA:536,3
DA:537,3
DA:539,0
DA:540,3
LF:121
LH:4
end_of_record
SF:lib\constants\iap_constants.dart
DA:5,0
LF:1
LH:0
end_of_record
SF:lib\constants\supported_currencies.dart
DA:167,3
DA:168,6
DA:169,0
DA:172,1
DA:177,3
DA:178,3
DA:180,15
DA:186,2
DA:187,2
DA:188,2
DA:189,2
DA:190,2
DA:191,2
DA:196,0
DA:197,0
DA:206,3
LF:16
LH:13
end_of_record
SF:lib\models\sync_operation.dart
DA:13,2
DA:26,2
DA:27,2
DA:28,2
DA:29,2
DA:30,2
DA:31,2
DA:32,2
DA:33,2
DA:34,4
DA:35,6
DA:39,1
DA:40,1
DA:41,1
DA:42,1
DA:43,1
DA:44,1
DA:45,1
DA:46,1
DA:47,1
DA:52,1
DA:53,3
DA:54,1
DA:57,1
DA:58,1
DA:59,2
DA:60,2
DA:61,2
DA:62,2
DA:63,4
DA:64,2
DA:65,2
DA:66,2
DA:70,2
DA:71,2
DA:72,2
DA:73,2
DA:74,2
DA:75,2
DA:76,2
DA:77,4
DA:78,2
DA:79,2
LF:43
LH:43
end_of_record
SF:lib\premium\premium_features.dart
DA:41,3
DA:49,3
DA:51,3
DA:58,3
DA:65,3
DA:72,2
DA:79,1
DA:86,1
DA:93,1
DA:100,1
LF:10
LH:10
end_of_record
SF:lib\premium\premium_state.dart
DA:21,6
DA:35,2
DA:43,0
DA:44,0
DA:48,3
DA:49,3
DA:50,3
DA:54,0
DA:60,0
DA:61,0
DA:62,0
DA:63,0
DA:64,0
DA:69,2
DA:70,2
DA:71,3
DA:75,10
DA:77,0
DA:79,0
DA:88,0
DA:91,0
DA:98,0
DA:101,0
DA:102,0
DA:106,0
DA:107,0
DA:115,0
DA:116,0
DA:120,0
DA:121,0
DA:122,0
DA:127,0
DA:128,0
DA:129,0
DA:130,0
LF:35
LH:9
end_of_record
SF:lib\providers\analytics_providers.dart
DA:10,12
DA:11,6
DA:12,3
DA:18,8
DA:19,7
DA:20,6
DA:21,6
DA:22,3
DA:26,0
DA:28,0
DA:29,0
DA:30,0
DA:40,7
DA:41,2
DA:42,2
DA:43,1
DA:47,7
DA:48,2
DA:49,2
DA:50,1
DA:54,7
DA:55,2
DA:56,2
DA:57,1
DA:63,8
DA:64,7
DA:65,6
DA:66,6
DA:67,3
DA:71,2
DA:72,2
DA:73,2
DA:74,2
DA:75,1
DA:81,8
DA:82,6
DA:83,4
DA:84,4
DA:85,6
DA:86,10
DA:88,2
DA:89,2
DA:90,2
DA:96,0
DA:97,0
DA:98,0
DA:102,2
DA:103,2
DA:106,2
DA:107,2
DA:114,2
DA:115,2
DA:116,2
DA:117,1
DA:118,1
DA:119,3
DA:120,4
LF:57
LH:50
end_of_record
SF:lib\repositories\analytics_repository.dart
DA:17,7
DA:22,7
DA:28,7
DA:36,19
DA:37,7
DA:39,7
DA:40,5
DA:43,5
DA:50,4
DA:53,8
DA:54,8
DA:55,4
DA:56,4
DA:57,12
DA:59,12
DA:60,8
DA:64,8
DA:65,20
DA:68,12
DA:69,4
DA:70,4
DA:71,4
DA:72,9
DA:73,4
DA:74,16
DA:75,4
DA:78,4
DA:81,12
DA:83,4
DA:88,4
DA:93,4
DA:96,4
DA:97,4
DA:98,12
DA:99,16
DA:107,2
DA:113,2
DA:121,8
DA:122,2
DA:125,2
DA:128,2
DA:129,4
DA:130,4
DA:136,4
DA:137,4
DA:139,2
DA:140,4
DA:141,3
DA:142,2
DA:143,4
DA:144,6
DA:145,4
DA:147,4
DA:153,2
DA:155,4
DA:156,2
DA:157,8
DA:158,4
DA:160,2
DA:161,2
DA:163,2
DA:167,2
DA:178,2
DA:179,2
DA:180,2
DA:181,6
DA:182,8
DA:189,2
DA:193,2
DA:194,8
DA:195,6
DA:197,2
DA:206,2
DA:210,2
DA:211,8
DA:212,10
DA:214,2
DA:225,5
DA:231,5
DA:232,5
DA:233,5
DA:236,5
DA:242,5
DA:253,13
DA:254,4
DA:255,2
DA:256,4
DA:257,4
DA:259,2
DA:267,9
DA:268,2
DA:269,2
DA:270,2
DA:271,2
DA:273,1
DA:276,5
DA:291,5
DA:294,5
DA:295,5
DA:296,15
DA:297,20
DA:303,1
DA:306,1
DA:307,4
DA:308,4
DA:309,1
DA:311,1
DA:321,3
DA:325,6
DA:326,3
DA:328,6
DA:329,3
DA:332,3
DA:339,11
DA:340,4
DA:341,2
DA:342,4
DA:343,4
DA:345,2
DA:348,6
DA:349,3
DA:350,3
DA:351,3
DA:354,3
DA:365,7
DA:370,14
DA:373,12
DA:380,2
DA:385,2
DA:386,2
DA:388,4
DA:389,2
DA:390,2
DA:397,2
DA:399,2
DA:400,8
DA:401,2
DA:402,2
DA:403,6
DA:404,8
DA:405,2
DA:406,6
DA:411,2
DA:413,2
DA:414,2
DA:415,2
DA:416,2
DA:417,2
DA:418,8
DA:423,2
DA:428,2
DA:429,4
DA:430,2
DA:444,4
LF:154
LH:154
end_of_record
SF:lib\repositories\analytics_models.dart
DA:15,2
DA:33,4
DA:42,0
DA:44,0
DA:55,8
DA:64,3
DA:65,6
DA:66,7
DA:67,6
DA:70,12
DA:81,2
DA:89,0
DA:91,0
DA:92,0
DA:93,0
DA:94,0
DA:106,2
DA:115,0
DA:116,0
DA:119,0
DA:120,0
DA:121,0
DA:144,6
DA:158,20
DA:159,5
DA:160,14
DA:161,9
DA:164,16
DA:165,4
DA:166,8
DA:167,6
DA:170,0
DA:171,0
DA:172,0
DA:173,0
DA:174,0
DA:177,0
DA:178,0
DA:180,0
DA:181,0
DA:182,0
DA:183,0
DA:196,3
LF:43
LH:20
end_of_record
SF:lib\providers\categories_provider.dart
DA:13,12
DA:14,6
DA:15,3
DA:19,0
DA:20,0
DA:21,0
DA:25,0
DA:26,0
DA:27,0
DA:31,0
DA:32,0
DA:33,0
DA:37,0
DA:38,0
DA:39,0
DA:43,0
DA:44,0
DA:45,0
DA:50,0
DA:55,0
DA:56,0
DA:58,0
DA:59,0
DA:60,0
DA:61,0
DA:63,0
DA:64,0
DA:65,0
DA:67,0
DA:69,0
DA:74,0
DA:75,0
DA:77,0
DA:78,0
DA:79,0
DA:80,0
DA:82,0
DA:83,0
DA:84,0
DA:85,0
DA:87,0
DA:89,0
DA:94,0
DA:95,0
DA:97,0
DA:98,0
DA:99,0
DA:100,0
DA:101,0
DA:103,0
DA:104,0
DA:105,0
DA:106,0
DA:107,0
DA:108,0
DA:109,0
DA:111,0
DA:112,0
DA:113,0
DA:114,0
DA:115,0
DA:116,0
DA:117,0
DA:118,0
DA:120,0
DA:125,0
DA:126,0
DA:128,0
DA:129,0
DA:130,0
DA:131,0
DA:132,0
DA:133,0
DA:134,0
DA:135,0
DA:138,0
DA:139,0
DA:140,0
DA:141,0
DA:143,0
DA:151,0
DA:152,0
DA:153,0
DA:157,0
DA:158,0
DA:159,0
LF:86
LH:3
end_of_record
SF:lib\providers\database_provider.dart
DA:5,16
DA:6,4
DA:10,4
DA:11,2
DA:12,1
DA:16,0
DA:17,0
DA:18,0
LF:8
LH:5
end_of_record
SF:lib\providers\repository_providers.dart
DA:6,12
DA:7,6
DA:8,3
DA:12,24
DA:15,24
DA:18,15
DA:19,6
DA:20,6
DA:21,6
DA:24,3
DA:25,3
DA:26,0
DA:27,0
DA:28,0
DA:30,0
DA:35,0
DA:36,0
DA:37,0
DA:38,0
LF:19
LH:11
end_of_record
SF:lib\providers\auth_provider.dart
DA:5,8
DA:7,2
DA:13,8
DA:14,4
DA:16,0
DA:19,8
DA:20,4
DA:22,0
DA:26,8
DA:27,4
DA:29,4
DA:36,0
DA:37,0
DA:39,0
DA:45,8
DA:46,4
DA:48,4
DA:54,0
DA:55,0
DA:58,8
DA:59,4
LF:21
LH:14
end_of_record
SF:lib\services\auth_service.dart
DA:15,3
DA:21,0
DA:23,3
DA:29,0
DA:31,0
DA:32,0
DA:33,0
DA:34,0
DA:36,0
DA:40,0
DA:42,0
DA:44,0
DA:46,0
DA:48,0
DA:51,0
DA:52,0
DA:58,0
DA:59,0
DA:60,0
DA:63,0
DA:65,0
DA:66,0
DA:68,0
DA:72,0
DA:74,0
DA:77,0
DA:78,0
DA:79,0
DA:86,0
DA:90,0
DA:98,0
DA:99,0
DA:100,0
DA:103,0
DA:108,0
DA:109,0
DA:110,0
DA:116,0
DA:122,0
DA:123,0
DA:126,0
DA:127,0
DA:133,0
DA:135,0
DA:136,0
DA:139,0
DA:140,0
DA:141,0
DA:145,0
DA:146,0
DA:149,0
DA:152,0
DA:153,0
DA:155,0
DA:156,0
DA:160,0
DA:162,0
DA:163,0
DA:166,0
DA:167,0
DA:169,0
DA:170,0
DA:172,0
DA:173,0
DA:178,0
DA:180,0
DA:181,0
DA:182,0
DA:185,0
DA:186,0
DA:188,0
DA:189,0
DA:191,0
DA:192,0
DA:197,0
DA:199,0
DA:201,0
DA:204,0
DA:205,0
DA:207,0
DA:208,0
DA:212,0
DA:214,0
DA:216,0
DA:217,0
DA:219,0
DA:220,0
DA:224,0
DA:226,0
DA:228,0
DA:232,0
DA:237,0
DA:238,0
DA:239,0
DA:242,0
DA:243,0
DA:247,0
DA:248,0
DA:249,0
DA:250,0
DA:252,0
DA:254,0
DA:256,0
DA:258,0
DA:261,0
DA:264,2
DA:267,4
DA:273,2
DA:276,2
LF:109
LH:6
end_of_record
SF:lib\providers\budgets_provider.dart
DA:8,12
DA:9,6
DA:10,3
DA:14,4
DA:15,2
DA:16,1
DA:20,12
DA:21,6
DA:22,3
DA:26,12
DA:27,9
DA:28,6
DA:32,4
DA:33,2
DA:34,1
DA:38,12
DA:39,6
DA:40,3
DA:44,0
DA:45,0
DA:46,0
DA:50,0
DA:51,0
DA:52,0
DA:57,0
DA:62,0
DA:63,0
DA:65,0
DA:66,0
DA:67,0
DA:68,0
DA:69,0
DA:70,0
DA:72,0
DA:76,0
DA:85,0
DA:87,0
DA:89,0
DA:91,0
DA:100,0
DA:101,0
DA:102,0
DA:103,0
DA:106,0
DA:112,0
DA:113,0
DA:114,0
DA:116,0
DA:118,0
DA:119,0
DA:120,0
DA:121,0
DA:122,0
DA:123,0
DA:124,0
DA:126,0
DA:131,0
DA:132,0
DA:134,0
DA:135,0
DA:136,0
DA:137,0
DA:138,0
DA:139,0
DA:141,0
DA:145,0
DA:146,0
DA:147,0
DA:148,0
DA:149,0
DA:150,0
DA:155,0
DA:156,0
LF:73
LH:18
end_of_record
SF:lib\repositories\budget_repository.dart
DA:23,3
DA:33,3
DA:34,3
DA:35,0
DA:37,0
DA:38,0
DA:39,0
DA:41,0
DA:43,0
DA:48,0
DA:49,0
DA:50,0
DA:52,0
DA:54,0
DA:69,3
DA:87,15
DA:88,6
DA:89,0
DA:98,6
DA:101,4
DA:102,8
DA:103,10
DA:105,4
DA:106,5
DA:107,1
DA:108,1
DA:115,3
DA:116,6
DA:118,3
DA:122,4
DA:123,4
DA:124,4
DA:132,2
DA:133,3
DA:134,2
DA:136,1
DA:137,1
DA:138,0
DA:140,1
DA:141,1
DA:143,1
DA:144,1
DA:149,1
DA:150,1
DA:160,2
DA:161,2
DA:162,7
DA:166,3
DA:167,3
DA:168,6
DA:169,6
DA:170,9
DA:173,6
DA:178,3
DA:179,6
DA:180,18
DA:181,3
DA:184,3
DA:185,0
DA:186,0
DA:189,3
DA:202,3
DA:203,6
DA:204,3
DA:205,3
DA:209,3
DA:210,6
DA:211,6
DA:215,6
DA:216,6
DA:217,6
DA:218,3
DA:219,6
DA:220,3
DA:221,6
DA:227,3
DA:228,3
DA:230,3
DA:238,2
DA:248,0
DA:251,2
DA:252,2
DA:254,2
DA:255,6
DA:268,4
DA:273,2
DA:275,2
DA:276,0
DA:277,0
DA:278,0
DA:281,2
DA:282,6
DA:283,8
DA:286,0
DA:287,0
DA:288,0
DA:289,0
DA:290,0
DA:293,0
DA:294,0
DA:295,0
DA:298,0
DA:300,0
LF:103
LH:74
end_of_record
SF:lib\providers\sync_provider.dart
DA:5,4
DA:7,8
DA:9,8
DA:11,8
DA:15,1
DA:22,2
DA:24,0
DA:30,0
DA:32,0
DA:34,0
DA:36,0
DA:37,0
LF:12
LH:6
end_of_record
SF:lib\providers\insights_providers.dart
DA:9,4
DA:10,2
DA:11,1
DA:15,4
DA:19,10
DA:21,2
DA:22,2
DA:23,1
DA:24,1
DA:26,0
LF:10
LH:9
end_of_record
SF:lib\providers\transaction_provider.dart
DA:12,12
DA:13,6
DA:14,3
DA:18,2
DA:19,2
DA:20,2
DA:21,1
DA:25,2
DA:26,2
DA:27,2
DA:28,1
DA:32,0
DA:33,0
DA:34,0
DA:35,0
DA:42,0
DA:43,0
DA:44,0
DA:45,0
DA:49,2
DA:50,2
DA:51,2
DA:52,1
DA:53,1
DA:54,1
DA:60,5
DA:65,2
DA:66,2
DA:67,2
DA:68,1
DA:69,4
DA:70,4
DA:72,1
DA:76,2
DA:77,2
DA:78,2
DA:79,1
DA:80,4
DA:82,4
DA:84,1
DA:86,1
DA:91,2
DA:92,2
DA:93,2
DA:94,1
DA:95,3
DA:96,4
DA:98,1
DA:103,1
DA:111,2
DA:112,2
DA:113,2
DA:114,2
DA:115,2
DA:116,2
DA:117,2
DA:118,2
DA:119,2
DA:120,2
DA:121,2
DA:122,2
DA:123,2
DA:124,2
DA:125,2
DA:126,2
DA:127,2
DA:128,2
DA:129,2
DA:130,2
DA:131,2
DA:132,2
DA:133,2
DA:134,3
DA:136,3
DA:137,0
DA:138,0
DA:139,0
DA:140,0
DA:141,0
DA:142,3
DA:143,0
DA:148,2
DA:152,1
DA:153,1
DA:155,3
DA:156,1
DA:157,3
DA:158,1
DA:159,2
DA:160,2
DA:161,1
DA:162,0
DA:163,1
DA:165,0
DA:169,0
DA:170,0
DA:172,0
DA:173,0
DA:174,0
DA:175,0
DA:176,0
DA:177,0
DA:178,0
DA:179,0
DA:180,0
DA:181,0
DA:182,0
DA:183,0
DA:185,0
DA:186,0
DA:187,0
DA:188,0
DA:189,0
DA:191,0
DA:195,0
DA:196,0
DA:198,0
DA:199,0
DA:200,0
DA:201,0
DA:202,0
DA:203,0
DA:204,0
DA:205,0
DA:207,0
DA:208,0
DA:209,0
DA:211,0
DA:217,2
DA:218,2
DA:219,1
LF:131
LH:81
end_of_record
SF:lib\providers\categorization_provider.dart
DA:7,0
DA:9,0
DA:10,0
DA:11,0
DA:17,0
DA:19,0
DA:22,0
LF:7
LH:0
end_of_record
SF:lib\services\categorization\categorization_metrics.dart
DA:7,0
DA:8,0
DA:12,0
DA:13,0
DA:14,0
DA:15,0
DA:16,0
DA:18,0
DA:22,0
DA:23,0
LF:10
LH:0
end_of_record
SF:lib\services\categorization\categorization_service.dart
DA:15,3
DA:23,0
DA:46,0
DA:50,0
DA:54,0
DA:55,0
DA:61,0
DA:62,0
DA:68,0
DA:73,0
DA:74,0
DA:76,0
DA:77,0
DA:78,0
DA:79,0
DA:89,0
DA:90,0
DA:92,0
DA:94,0
DA:97,0
DA:101,0
LF:21
LH:1
end_of_record
SF:lib\providers\goals_provider.dart
DA:10,0
DA:11,0
DA:12,0
DA:15,0
DA:16,0
DA:17,0
DA:20,0
DA:21,0
DA:22,0
DA:25,0
DA:26,0
DA:27,0
DA:30,0
DA:31,0
DA:32,0
DA:33,0
DA:36,0
DA:37,0
DA:38,0
DA:39,0
DA:42,0
DA:43,0
DA:47,0
DA:50,0
DA:51,0
DA:52,0
DA:53,0
DA:54,0
DA:56,0
DA:57,0
DA:61,0
DA:62,0
DA:64,0
DA:65,0
DA:66,0
DA:67,0
DA:68,0
DA:69,0
DA:71,0
DA:75,0
DA:76,0
DA:78,0
DA:79,0
DA:80,0
DA:81,0
DA:82,0
DA:83,0
DA:85,0
DA:89,0
DA:90,0
DA:92,0
DA:93,0
DA:94,0
DA:95,0
DA:96,0
DA:97,0
DA:99,0
DA:103,0
DA:109,0
DA:111,0
DA:112,0
DA:118,0
DA:119,0
DA:120,0
DA:121,0
DA:122,0
DA:124,0
DA:128,0
DA:134,0
DA:136,0
DA:137,0
DA:143,0
DA:144,0
DA:145,0
DA:146,0
DA:147,0
DA:149,0
DA:153,0
DA:154,0
DA:156,0
DA:157,0
DA:158,0
DA:159,0
DA:161,0
DA:166,0
DA:167,0
DA:168,0
LF:87
LH:0
end_of_record
SF:lib\services\goal_service.dart
DA:9,1
DA:13,1
DA:19,2
DA:20,0
DA:22,1
DA:23,3
DA:28,2
DA:29,1
DA:32,2
DA:34,1
DA:35,2
DA:36,4
DA:39,1
DA:41,2
DA:47,1
DA:53,2
DA:54,0
DA:56,1
DA:57,3
DA:62,2
DA:63,1
DA:66,2
DA:68,1
DA:69,2
DA:70,4
DA:73,1
DA:75,2
DA:81,1
DA:82,2
DA:85,2
DA:86,4
DA:88,4
DA:89,5
DA:90,1
DA:92,2
DA:95,1
DA:97,2
DA:102,1
DA:103,2
DA:104,2
DA:105,2
DA:107,4
LF:42
LH:40
end_of_record
SF:lib\providers\wallet_provider.dart
DA:11,0
DA:14,0
DA:15,0
DA:16,0
DA:17,0
DA:21,15
DA:22,6
DA:23,3
DA:26,3
DA:31,4
DA:32,2
DA:33,1
DA:37,12
DA:38,9
DA:39,12
DA:43,12
DA:44,9
DA:45,3
DA:47,9
DA:52,2
DA:53,2
DA:54,3
DA:55,1
DA:57,2
DA:58,2
DA:59,4
DA:66,0
DA:67,0
DA:68,0
DA:70,0
DA:71,0
DA:75,0
DA:76,0
DA:81,0
DA:86,0
DA:87,0
DA:89,0
DA:90,0
DA:91,0
DA:92,0
DA:94,0
DA:95,0
DA:96,0
DA:97,0
DA:99,0
DA:101,0
DA:106,0
DA:107,0
DA:109,0
DA:110,0
DA:111,0
DA:112,0
DA:114,0
DA:115,0
DA:116,0
DA:117,0
DA:118,0
DA:120,0
DA:122,0
DA:127,0
DA:128,0
DA:130,0
DA:131,0
DA:132,0
DA:133,0
DA:134,0
DA:136,0
DA:137,0
DA:138,0
DA:139,0
DA:141,0
DA:142,0
DA:143,0
DA:144,0
DA:145,0
DA:146,0
DA:147,0
DA:148,0
DA:149,0
DA:151,0
DA:156,0
DA:157,0
DA:159,0
DA:160,0
DA:163,0
DA:164,0
DA:165,0
DA:166,0
DA:169,0
DA:170,0
DA:171,0
DA:172,0
DA:173,0
DA:176,0
DA:178,0
DA:184,0
DA:185,0
DA:186,0
LF:98
LH:21
end_of_record
SF:lib\providers\iap_provider.dart
DA:4,16
DA:5,4
DA:6,12
DA:10,0
DA:11,0
DA:12,0
LF:6
LH:3
end_of_record
SF:lib\services\iap_service.dart
DA:17,1
DA:18,1
DA:20,2
DA:25,2
DA:28,1
DA:30,0
DA:33,1
DA:34,1
DA:36,2
DA:37,0
DA:38,0
DA:39,0
DA:40,0
DA:41,0
DA:44,3
DA:45,1
DA:47,1
DA:50,0
DA:51,0
DA:52,0
DA:53,0
DA:54,0
DA:55,0
DA:61,0
DA:62,0
DA:65,1
DA:66,1
DA:67,1
DA:70,0
DA:71,0
DA:72,0
DA:73,0
DA:74,0
DA:75,0
DA:80,0
DA:85,0
DA:86,0
DA:87,0
DA:88,0
DA:89,0
DA:90,0
DA:91,0
DA:92,0
DA:93,0
DA:97,0
DA:98,0
DA:99,0
DA:104,1
DA:105,1
DA:106,1
DA:107,1
DA:108,1
DA:109,1
DA:112,0
DA:116,0
DA:117,0
DA:118,0
DA:119,0
DA:125,0
DA:126,0
DA:129,0
DA:132,0
DA:134,0
DA:135,0
DA:136,0
DA:137,0
DA:138,0
DA:139,0
DA:140,0
DA:141,0
DA:142,0
DA:143,0
DA:145,0
DA:147,0
DA:148,0
DA:159,0
DA:161,0
DA:162,0
DA:163,0
DA:169,0
DA:170,0
DA:171,0
DA:172,0
DA:176,0
DA:177,0
DA:178,0
DA:179,0
DA:180,0
DA:181,0
DA:182,0
DA:187,0
DA:191,5
DA:192,5
DA:201,0
DA:213,0
LF:95
LH:22
end_of_record
SF:lib\services\insight_context_builder.dart
DA:10,2
DA:13,2
DA:16,2
DA:17,6
DA:18,8
DA:20,4
DA:26,4
DA:30,4
DA:35,2
DA:36,2
DA:37,2
DA:39,2
DA:40,2
DA:41,6
DA:42,2
DA:43,6
DA:44,1
DA:45,1
DA:46,1
DA:47,1
DA:48,2
DA:49,2
DA:50,2
DA:51,2
DA:52,2
DA:53,2
DA:54,2
DA:55,2
DA:57,6
DA:58,2
DA:59,2
DA:60,2
DA:61,2
DA:62,2
DA:63,2
DA:64,2
DA:82,4
DA:95,2
DA:96,1
DA:97,1
DA:98,1
DA:99,1
DA:100,1
DA:101,1
DA:102,1
DA:103,3
DA:104,2
DA:105,5
DA:115,3
DA:122,0
DA:123,0
DA:124,0
DA:125,0
DA:126,0
DA:138,4
DA:147,2
DA:148,1
DA:149,1
DA:150,1
DA:151,1
DA:152,1
DA:153,1
DA:165,4
DA:174,2
DA:175,1
DA:176,1
DA:177,1
DA:178,1
DA:179,1
DA:180,1
LF:70
LH:65
end_of_record
SF:lib\services\insights_service.dart
DA:10,6
DA:23,3
DA:24,6
DA:25,1
DA:35,3
DA:36,3
DA:37,15
DA:41,3
DA:42,3
DA:43,3
DA:44,3
DA:45,3
DA:47,3
DA:48,6
DA:49,4
DA:50,2
DA:51,4
DA:52,4
DA:54,4
DA:57,2
DA:58,2
DA:59,2
DA:60,1
DA:61,2
DA:65,2
DA:68,3
DA:74,6
DA:75,6
DA:76,3
DA:77,6
DA:78,18
DA:80,12
DA:85,12
DA:86,4
DA:87,4
DA:88,4
DA:89,6
DA:91,12
DA:95,4
DA:96,8
DA:97,2
DA:98,10
DA:104,12
DA:105,4
DA:106,4
DA:107,12
DA:108,2
DA:109,8
DA:114,6
DA:115,3
DA:116,12
DA:117,6
DA:118,6
DA:120,9
DA:125,6
DA:126,6
DA:135,3
DA:137,6
DA:138,6
DA:139,6
DA:141,3
DA:145,0
DA:146,0
LF:63
LH:61
end_of_record
SF:lib\services\observability_service.dart
DA:11,0
DA:15,0
DA:17,0
DA:26,0
DA:28,0
DA:32,0
DA:33,0
DA:34,0
DA:35,0
DA:36,0
DA:37,0
DA:38,0
DA:46,0
DA:52,0
DA:55,0
DA:57,0
DA:58,0
DA:66,0
DA:71,0
DA:75,0
DA:77,0
DA:81,0
DA:83,0
DA:86,0
DA:91,1
DA:93,0
DA:94,0
DA:97,0
DA:98,0
DA:99,0
DA:100,0
DA:101,0
DA:102,0
DA:103,2
DA:104,0
LF:35
LH:2
end_of_record
SF:lib\providers\premium_provider.dart
DA:8,10
DA:9,9
DA:10,8
DA:11,4
DA:18,10
DA:20,0
DA:22,0
DA:23,0
DA:26,3
DA:27,6
DA:34,2
DA:35,2
DA:38,2
DA:39,4
DA:40,2
DA:42,2
DA:47,0
DA:48,0
DA:50,0
DA:51,0
DA:53,0
DA:54,0
DA:56,0
DA:63,16
DA:64,12
DA:68,10
DA:69,8
DA:70,9
DA:74,0
DA:75,0
DA:76,0
LF:31
LH:18
end_of_record
SF:lib\providers\recurring_provider.dart
DA:7,0
DA:8,0
DA:9,0
DA:10,0
DA:13,0
DA:14,0
DA:15,0
DA:16,0
DA:19,0
DA:20,0
DA:24,0
DA:27,0
DA:28,0
DA:30,0
DA:31,0
DA:32,0
DA:33,0
DA:34,0
DA:35,0
DA:37,0
DA:41,0
DA:42,0
DA:44,0
DA:45,0
DA:46,0
DA:47,0
DA:48,0
DA:49,0
DA:50,0
DA:52,0
DA:56,0
DA:57,0
DA:59,0
DA:60,0
DA:61,0
DA:62,0
DA:63,0
DA:64,0
DA:66,0
DA:70,0
DA:71,0
DA:73,0
DA:74,0
DA:76,0
DA:77,0
DA:78,0
DA:80,0
DA:81,0
DA:82,0
DA:83,0
DA:84,0
DA:86,0
DA:88,0
DA:93,0
DA:94,0
DA:95,0
LF:56
LH:0
end_of_record
SF:lib\services\recurring_service.dart
DA:9,1
DA:13,1
DA:14,2
DA:15,2
DA:16,1
DA:17,4
DA:18,1
DA:20,2
DA:21,1
DA:22,3
DA:24,7
DA:26,1
DA:27,3
DA:29,2
DA:31,1
DA:33,1
DA:34,1
DA:35,1
DA:36,1
DA:37,1
DA:38,1
DA:40,1
DA:42,2
DA:43,1
DA:44,4
DA:47,4
DA:49,1
DA:53,1
DA:56,1
DA:58,2
DA:61,1
DA:62,4
DA:68,1
DA:75,1
DA:76,2
DA:77,0
DA:78,0
DA:79,0
DA:80,0
DA:81,0
DA:82,0
DA:83,0
DA:84,0
DA:86,0
DA:87,0
DA:88,0
DA:89,0
DA:90,0
DA:91,0
DA:95,0
DA:96,0
DA:99,1
DA:100,8
LF:53
LH:37
end_of_record
SF:lib\providers\settings_provider.dart
DA:14,8
DA:15,4
DA:16,2
DA:21,0
DA:26,0
DA:27,0
DA:29,0
DA:30,0
DA:31,0
DA:32,0
DA:34,0
DA:36,0
DA:38,0
DA:43,0
DA:44,0
DA:45,0
DA:49,0
DA:50,0
DA:51,0
DA:55,0
DA:56,0
DA:57,0
DA:61,0
DA:62,0
DA:63,0
DA:67,0
DA:68,0
DA:69,0
DA:73,0
DA:74,0
DA:75,0
DA:79,0
DA:80,0
DA:82,0
DA:83,0
DA:84,0
DA:85,0
DA:86,0
DA:87,0
DA:88,0
DA:89,0
DA:90,0
DA:91,0
DA:92,0
DA:93,0
DA:94,0
DA:96,0
DA:101,0
DA:106,0
DA:107,0
DA:108,0
DA:109,0
DA:110,0
DA:112,0
DA:117,0
DA:118,0
DA:119,0
DA:120,0
DA:121,0
DA:123,0
DA:129,0
DA:130,0
DA:131,0
DA:135,0
DA:136,0
DA:137,0
LF:66
LH:3
end_of_record
SF:lib\services\sync_service.dart
DA:26,0
DA:28,0
DA:32,0
DA:47,0
DA:48,0
DA:50,0
DA:54,0
DA:58,0
DA:64,0
DA:65,0
DA:70,0
DA:72,0
DA:75,0
DA:79,0
DA:80,0
DA:81,0
DA:82,0
DA:83,0
DA:84,0
DA:85,0
DA:87,0
DA:88,0
DA:90,0
DA:91,0
DA:93,0
DA:95,0
DA:97,0
DA:98,0
DA:99,0
DA:100,0
DA:101,0
DA:103,0
DA:109,0
DA:110,0
DA:111,0
DA:112,0
DA:113,0
DA:115,0
DA:118,0
DA:119,0
DA:120,0
DA:122,0
DA:127,0
DA:128,0
DA:130,0
DA:131,0
DA:133,0
DA:134,0
DA:135,0
DA:137,0
DA:139,0
DA:140,0
DA:143,0
DA:147,0
DA:148,0
DA:151,0
DA:152,0
DA:153,0
DA:154,0
DA:157,0
DA:161,0
DA:163,0
DA:166,0
DA:167,0
DA:168,0
DA:169,0
DA:173,0
DA:176,0
DA:179,0
DA:180,0
DA:182,0
DA:183,0
DA:184,0
DA:185,0
DA:187,0
DA:188,0
DA:197,0
DA:199,0
DA:200,0
DA:201,0
DA:202,0
DA:203,0
DA:204,0
DA:205,0
DA:206,0
DA:207,0
DA:208,0
DA:209,0
DA:210,0
DA:211,0
DA:213,0
DA:214,0
DA:219,0
DA:220,0
DA:223,0
DA:224,0
DA:225,0
DA:227,0
DA:229,0
DA:231,0
DA:232,0
DA:233,0
DA:235,0
DA:237,0
DA:239,0
DA:240,0
DA:241,0
DA:243,0
DA:245,0
DA:247,0
DA:248,0
DA:249,0
DA:251,0
DA:253,0
DA:255,0
DA:256,0
DA:257,0
DA:259,0
DA:261,0
DA:263,0
DA:264,0
DA:265,0
DA:267,0
DA:269,0
DA:271,0
DA:272,0
DA:273,0
DA:275,0
DA:276,0
DA:277,0
DA:279,0
DA:281,0
DA:289,0
DA:291,0
DA:292,0
DA:293,0
DA:294,0
DA:295,0
DA:296,0
DA:297,0
DA:298,0
DA:299,0
DA:300,0
DA:301,0
DA:302,0
DA:303,0
DA:304,0
DA:306,0
DA:307,0
DA:308,0
DA:309,0
DA:310,0
DA:311,0
DA:312,0
DA:313,0
DA:314,0
DA:315,0
DA:316,0
DA:317,0
DA:318,0
DA:319,0
DA:320,0
DA:321,0
DA:322,0
DA:324,0
DA:325,0
DA:326,0
DA:327,0
DA:328,0
DA:329,0
DA:330,0
DA:331,0
DA:332,0
DA:333,0
DA:334,0
DA:335,0
DA:336,0
DA:337,0
DA:338,0
DA:340,0
DA:341,0
DA:342,0
DA:343,0
DA:344,0
DA:345,0
DA:346,0
DA:347,0
DA:348,0
DA:349,0
DA:350,0
DA:351,0
DA:352,0
DA:353,0
DA:354,0
DA:355,0
DA:356,0
DA:357,0
DA:359,0
DA:360,0
DA:361,0
DA:362,0
DA:363,0
DA:364,0
DA:365,0
DA:366,0
DA:367,0
DA:368,0
DA:369,0
DA:370,0
DA:371,0
DA:372,0
DA:373,0
DA:374,0
DA:375,0
DA:376,0
DA:378,0
DA:379,0
DA:380,0
DA:381,0
DA:382,0
DA:383,0
DA:384,0
DA:385,0
DA:386,0
DA:387,0
DA:388,0
DA:389,0
DA:390,0
DA:391,0
DA:392,0
DA:394,0
DA:395,0
DA:396,0
DA:397,0
DA:398,0
DA:399,0
DA:400,0
DA:401,0
DA:402,0
DA:403,0
DA:404,0
DA:405,0
DA:406,0
DA:407,0
DA:408,0
DA:409,0
DA:410,0
DA:411,0
DA:412,0
DA:413,0
DA:414,0
DA:415,0
DA:416,0
DA:417,0
DA:418,0
DA:419,0
DA:421,0
DA:422,0
DA:423,0
DA:424,0
DA:425,0
DA:426,0
DA:427,0
DA:428,0
DA:429,0
DA:430,0
DA:431,0
DA:432,0
DA:439,0
DA:441,0
DA:442,0
DA:443,0
DA:444,0
DA:445,0
DA:446,0
DA:447,0
DA:448,0
DA:449,0
DA:450,0
DA:451,0
DA:452,0
DA:453,0
DA:454,0
DA:455,0
DA:457,0
DA:458,0
DA:459,0
DA:460,0
DA:461,0
DA:462,0
DA:463,0
DA:464,0
DA:465,0
DA:466,0
DA:467,0
DA:468,0
DA:469,0
DA:470,0
DA:471,0
DA:472,0
DA:473,0
DA:475,0
DA:476,0
DA:477,0
DA:478,0
DA:479,0
DA:480,0
DA:481,0
DA:482,0
DA:483,0
DA:484,0
DA:485,0
DA:486,0
DA:487,0
DA:488,0
DA:489,0
DA:491,0
DA:492,0
DA:493,0
DA:494,0
DA:495,0
DA:496,0
DA:497,0
DA:498,0
DA:499,0
DA:500,0
DA:501,0
DA:502,0
DA:503,0
DA:504,0
DA:505,0
DA:506,0
DA:507,0
DA:508,0
DA:510,0
DA:511,0
DA:512,0
DA:513,0
DA:514,0
DA:515,0
DA:516,0
DA:517,0
DA:518,0
DA:519,0
DA:520,0
DA:521,0
DA:522,0
DA:523,0
DA:524,0
DA:525,0
DA:526,0
DA:527,0
DA:529,0
DA:530,0
DA:531,0
DA:532,0
DA:533,0
DA:534,0
DA:535,0
DA:536,0
DA:537,0
DA:538,0
DA:539,0
DA:540,0
DA:541,0
DA:542,0
DA:543,0
DA:545,0
DA:546,0
DA:547,0
DA:548,0
DA:549,0
DA:550,0
DA:551,0
DA:552,0
DA:553,0
DA:554,0
DA:555,0
DA:556,0
DA:557,0
DA:558,0
DA:559,0
DA:560,0
DA:561,0
DA:562,0
DA:563,0
DA:564,0
DA:565,0
DA:566,0
DA:567,0
DA:569,0
DA:570,0
DA:571,0
DA:572,0
DA:573,0
DA:574,0
DA:575,0
DA:576,0
DA:577,0
DA:578,0
DA:579,0
DA:580,0
DA:591,0
DA:592,0
DA:593,0
DA:595,0
DA:596,0
DA:599,0
DA:600,0
DA:601,0
DA:602,0
DA:603,0
DA:604,0
DA:605,0
DA:606,0
DA:609,0
DA:612,0
DA:613,0
DA:615,0
DA:617,0
DA:618,0
DA:621,0
DA:622,0
DA:623,0
DA:625,0
DA:626,0
DA:628,0
DA:629,0
DA:630,0
DA:634,0
DA:635,0
DA:636,0
DA:637,0
DA:640,0
DA:642,0
DA:643,0
DA:644,0
DA:645,0
DA:646,0
DA:647,0
DA:649,0
DA:650,0
DA:651,0
DA:652,0
DA:653,0
DA:654,0
DA:660,0
DA:661,0
DA:662,0
DA:663,0
DA:664,0
DA:665,0
DA:666,0
DA:667,0
DA:669,0
DA:671,0
DA:675,0
DA:676,0
DA:679,0
DA:681,0
DA:682,0
DA:683,0
DA:684,0
DA:685,0
DA:686,0
DA:687,0
DA:688,0
DA:689,0
DA:690,0
DA:691,0
DA:692,0
DA:693,0
DA:694,0
DA:695,0
DA:696,0
DA:697,0
DA:698,0
DA:700,0
DA:706,0
DA:707,0
DA:708,0
DA:711,0
DA:712,0
DA:713,0
DA:717,0
DA:718,0
DA:720,0
DA:721,0
DA:722,0
DA:723,0
DA:725,0
DA:726,0
DA:732,0
DA:733,0
DA:735,0
DA:736,0
DA:737,0
DA:741,0
DA:744,0
DA:746,0
DA:748,0
DA:750,0
DA:754,0
DA:755,0
DA:756,0
DA:758,0
DA:759,0
DA:761,0
DA:762,0
DA:768,0
DA:769,0
DA:770,0
DA:771,0
DA:775,0
DA:776,0
DA:777,0
DA:778,0
DA:780,0
DA:781,0
LF:519
LH:0
end_of_record
SF:lib\utils\category_utils.dart
DA:5,3
DA:6,3
DA:7,3
DA:8,6
DA:9,15
DA:11,3
DA:12,3
DA:14,2
DA:15,2
DA:16,2
DA:19,3
LF:11
LH:11
end_of_record
SF:lib\screens\ai\ai_screen.dart
DA:26,3
DA:35,3
DA:37,3
DA:38,3
DA:53,3
DA:55,3
DA:56,6
DA:59,3
DA:61,3
DA:64,3
DA:66,6
DA:67,6
DA:68,6
DA:69,6
DA:70,3
DA:73,3
DA:74,6
DA:75,6
DA:76,3
DA:81,3
DA:88,0
DA:89,0
DA:90,0
DA:91,0
DA:92,0
DA:93,0
DA:94,0
DA:95,0
DA:98,0
DA:99,0
DA:101,0
DA:106,0
DA:107,0
DA:108,0
DA:109,0
DA:110,0
DA:111,0
DA:115,0
DA:116,0
DA:117,0
DA:118,0
DA:122,0
DA:123,0
DA:124,0
DA:128,0
DA:130,0
DA:131,0
DA:132,0
DA:133,0
DA:134,0
DA:135,0
DA:136,0
DA:139,0
DA:140,0
DA:142,0
DA:143,0
DA:144,0
DA:145,0
DA:147,0
DA:148,0
DA:149,0
DA:150,0
DA:151,0
DA:152,0
DA:153,0
DA:159,0
DA:160,0
DA:161,0
DA:162,0
DA:163,0
DA:164,0
DA:171,0
DA:172,0
DA:173,0
DA:174,0
DA:175,0
DA:176,0
DA:183,0
DA:184,0
DA:185,0
DA:186,0
DA:187,0
DA:188,0
DA:189,0
DA:196,0
DA:197,0
DA:198,0
DA:200,0
DA:201,0
DA:206,3
DA:208,3
DA:209,3
DA:210,3
DA:211,3
DA:212,3
DA:214,0
DA:216,3
DA:217,3
DA:218,3
DA:220,6
DA:221,3
DA:223,6
DA:228,3
DA:230,3
DA:231,3
DA:233,9
DA:237,3
DA:239,9
DA:240,6
DA:247,6
DA:248,6
DA:250,3
DA:251,3
DA:252,3
DA:258,3
DA:259,3
DA:260,3
DA:261,12
DA:262,3
DA:263,3
DA:264,3
DA:266,12
DA:267,3
DA:268,9
DA:269,0
DA:271,6
DA:272,3
DA:276,3
DA:282,3
DA:283,6
DA:284,9
DA:286,3
DA:287,0
DA:288,0
DA:289,0
DA:290,0
DA:291,0
DA:292,0
DA:295,3
DA:297,6
DA:298,3
DA:299,3
DA:300,9
DA:302,3
DA:303,3
DA:305,6
DA:309,3
DA:310,0
DA:318,3
DA:319,3
DA:320,3
DA:323,3
DA:325,3
DA:326,3
DA:328,3
DA:330,15
DA:332,12
DA:337,3
DA:338,3
DA:341,3
DA:342,3
DA:343,3
DA:346,3
DA:347,9
DA:348,3
DA:350,3
DA:351,3
DA:352,0
DA:353,3
DA:355,3
DA:357,3
DA:358,3
DA:359,6
DA:360,9
DA:364,3
DA:365,3
DA:366,12
DA:386,3
DA:387,3
DA:388,6
DA:390,3
DA:392,3
DA:394,3
DA:395,3
DA:398,3
DA:399,3
DA:400,3
DA:402,6
DA:403,3
DA:405,6
DA:411,3
DA:412,3
DA:414,3
DA:416,0
DA:417,6
DA:418,3
DA:421,3
DA:422,3
DA:424,3
DA:425,6
DA:427,3
DA:428,9
DA:431,3
DA:433,3
DA:435,0
DA:436,0
DA:437,0
DA:438,0
DA:443,3
DA:445,3
DA:446,3
DA:447,3
DA:448,3
DA:449,6
DA:450,3
DA:451,9
DA:452,6
DA:455,9
DA:456,6
DA:458,9
DA:460,6
DA:461,6
DA:463,3
DA:464,6
DA:465,3
DA:473,3
DA:474,3
DA:476,3
DA:477,3
DA:478,9
DA:479,9
DA:481,0
DA:482,6
DA:486,3
DA:487,3
DA:490,6
DA:492,0
DA:493,0
DA:494,0
DA:510,0
DA:512,0
DA:514,0
DA:515,0
DA:517,0
DA:524,6
DA:526,3
DA:529,3
DA:530,3
DA:533,0
DA:535,3
DA:537,0
DA:539,3
DA:541,0
DA:543,3
DA:545,0
DA:555,0
DA:556,0
DA:557,0
DA:559,0
DA:560,0
DA:561,0
DA:563,0
DA:564,0
DA:566,0
DA:571,0
DA:573,0
DA:574,0
DA:581,0
DA:582,0
DA:584,0
DA:585,0
DA:588,0
DA:590,0
DA:591,0
DA:593,0
DA:595,0
DA:604,0
DA:605,0
DA:606,0
DA:607,0
DA:608,0
DA:609,0
DA:610,0
DA:613,0
DA:614,0
DA:622,3
DA:623,6
DA:624,6
DA:625,3
DA:626,3
DA:628,3
DA:630,3
DA:631,6
DA:632,3
DA:633,3
DA:634,3
DA:639,3
DA:640,3
DA:641,9
DA:645,3
DA:646,3
DA:648,3
DA:650,3
DA:652,3
DA:654,9
DA:655,6
DA:659,3
DA:660,3
DA:661,3
DA:662,3
DA:663,3
DA:664,3
DA:665,3
DA:667,9
DA:668,6
DA:670,3
DA:671,3
DA:672,3
DA:673,9
DA:676,3
DA:677,3
DA:678,3
DA:679,9
DA:682,3
DA:683,3
DA:684,3
DA:685,6
DA:690,6
DA:699,0
DA:700,0
DA:701,0
DA:707,3
DA:709,6
DA:710,3
DA:712,0
DA:713,0
DA:714,0
DA:717,3
DA:718,3
DA:719,6
DA:732,0
DA:733,0
DA:734,0
DA:736,0
DA:737,0
DA:740,0
DA:742,0
DA:745,0
DA:746,0
DA:748,0
DA:750,0
DA:751,0
DA:752,0
DA:753,0
DA:756,0
DA:759,0
DA:761,0
DA:767,0
DA:768,0
DA:772,0
DA:779,0
DA:780,0
DA:781,0
DA:782,0
DA:787,0
DA:791,0
DA:798,0
DA:806,0
DA:807,0
DA:808,0
DA:811,0
DA:813,0
DA:815,0
DA:817,0
DA:818,0
DA:819,0
DA:820,0
DA:823,0
DA:826,0
DA:828,0
DA:830,0
DA:831,0
DA:832,0
DA:833,0
DA:834,0
DA:836,0
DA:838,0
DA:840,0
DA:841,0
DA:842,0
DA:845,0
DA:846,0
DA:847,0
DA:848,0
DA:849,0
DA:851,0
DA:853,0
DA:855,0
DA:856,0
DA:857,0
DA:858,0
DA:859,0
DA:861,0
DA:866,0
DA:867,0
DA:868,0
DA:870,0
DA:871,0
DA:872,0
DA:875,0
DA:877,0
DA:879,0
DA:880,0
DA:881,0
DA:885,0
DA:886,0
DA:887,0
DA:888,0
DA:889,0
DA:891,0
DA:893,0
DA:895,0
DA:896,0
DA:897,0
DA:899,0
DA:901,0
DA:909,0
DA:910,0
DA:911,0
DA:912,0
DA:914,0
DA:917,0
DA:918,0
DA:919,0
DA:920,0
DA:921,0
DA:929,3
DA:930,3
DA:931,6
DA:932,6
DA:933,3
DA:934,6
DA:935,6
LF:443
LH:214
end_of_record
SF:lib\utils\auth_guard.dart
DA:5,0
DA:7,0
DA:14,0
DA:15,0
DA:16,0
LF:5
LH:0
end_of_record
SF:lib\widgets\ai\ai_context_picker.dart
DA:16,0
DA:25,0
DA:26,0
DA:36,0
DA:38,0
DA:39,0
DA:40,0
DA:41,0
DA:42,0
DA:43,0
DA:44,0
DA:45,0
DA:48,0
DA:49,0
DA:51,0
DA:52,0
DA:53,0
DA:54,0
DA:55,0
DA:56,0
DA:57,0
DA:58,0
DA:59,0
DA:63,0
DA:64,0
DA:68,0
DA:69,0
DA:70,0
DA:71,0
DA:73,0
DA:78,0
DA:80,0
DA:81,0
DA:83,0
DA:84,0
DA:86,0
DA:89,0
DA:90,0
DA:92,0
DA:93,0
DA:97,0
DA:99,0
DA:100,0
DA:101,0
DA:102,0
DA:103,0
DA:104,0
DA:107,0
DA:110,0
DA:111,0
DA:116,0
DA:118,0
DA:119,0
DA:122,0
DA:125,0
DA:127,0
DA:130,0
DA:131,0
DA:132,0
DA:133,0
DA:134,0
DA:143,0
DA:144,0
DA:145,0
DA:148,0
DA:149,0
DA:150,0
DA:151,0
DA:152,0
DA:153,0
DA:154,0
DA:156,0
DA:157,0
LF:73
LH:0
end_of_record
SF:lib\screens\main_screen.dart
DA:12,6
DA:15,0
DA:17,2
DA:18,2
DA:33,2
DA:35,2
DA:36,2
DA:38,2
DA:39,2
DA:40,2
DA:42,2
DA:46,2
DA:47,8
DA:48,2
DA:49,2
DA:50,2
DA:51,2
DA:53,0
DA:54,2
DA:60,2
DA:61,2
DA:62,4
LF:22
LH:20
end_of_record
SF:lib\screens\analytics\analytics_categories_tab.dart
DA:12,3
DA:25,0
DA:27,0
DA:29,0
DA:30,0
DA:31,0
DA:37,0
DA:39,0
DA:41,0
DA:43,0
DA:49,0
DA:50,0
DA:51,0
DA:52,0
DA:54,0
DA:58,0
DA:63,0
DA:64,0
DA:70,0
DA:71,0
DA:73,0
DA:74,0
DA:75,0
DA:76,0
DA:77,0
DA:79,0
DA:80,0
DA:81,0
DA:87,0
DA:88,0
DA:89,0
DA:91,0
DA:92,0
DA:93,0
DA:101,0
DA:105,0
DA:106,0
DA:107,0
DA:108,0
DA:109,0
DA:110,0
DA:112,0
DA:119,0
DA:120,0
DA:121,0
DA:122,0
DA:123,0
DA:124,0
DA:125,0
DA:126,0
DA:134,0
DA:142,0
DA:144,0
DA:146,0
DA:148,0
DA:149,0
DA:152,0
DA:153,0
DA:154,0
DA:158,0
DA:159,0
DA:160,0
LF:62
LH:1
end_of_record
SF:lib\widgets\analytics\analytics_shared_widgets.dart
DA:12,2
DA:19,2
DA:21,2
DA:22,2
DA:23,2
DA:26,2
DA:27,2
DA:28,6
DA:29,6
DA:30,2
DA:31,2
DA:33,2
DA:34,8
DA:37,2
DA:38,2
DA:39,2
DA:41,2
DA:42,6
DA:43,6
DA:44,2
DA:59,2
DA:67,2
DA:69,2
DA:70,2
DA:72,2
DA:73,6
DA:74,2
DA:75,2
DA:76,8
DA:78,2
DA:79,2
DA:80,2
DA:86,2
DA:87,2
DA:88,2
DA:90,2
DA:91,2
DA:93,2
DA:94,4
DA:95,2
DA:97,6
DA:100,2
DA:101,2
DA:102,8
DA:103,6
DA:110,2
DA:111,6
DA:112,2
DA:114,2
DA:116,2
DA:129,2
DA:131,2
DA:133,2
DA:135,2
DA:136,6
DA:137,2
DA:138,2
DA:139,8
DA:141,2
DA:142,2
DA:143,2
DA:149,2
DA:151,2
DA:152,2
DA:153,2
DA:154,2
DA:157,6
DA:160,2
DA:162,8
DA:163,6
DA:170,2
DA:171,2
DA:172,2
DA:173,2
DA:175,4
DA:176,4
DA:177,4
DA:180,2
DA:183,8
DA:185,2
DA:186,2
DA:188,4
DA:189,4
DA:190,4
DA:207,2
DA:214,2
DA:216,2
DA:217,4
DA:218,2
DA:220,2
DA:222,2
DA:224,2
DA:225,2
DA:226,2
DA:227,8
DA:228,6
DA:232,2
DA:233,2
DA:234,2
DA:236,2
DA:237,2
DA:238,6
DA:239,2
DA:250,2
DA:252,2
DA:253,2
DA:254,2
DA:256,2
DA:257,10
DA:258,2
DA:276,0
DA:293,0
DA:295,0
DA:297,0
DA:299,0
DA:302,0
DA:303,0
DA:304,0
DA:305,0
DA:306,0
DA:309,0
DA:310,0
DA:312,0
DA:315,0
DA:316,0
DA:317,0
DA:319,0
DA:323,0
DA:324,0
DA:326,0
DA:327,0
DA:328,0
DA:329,0
DA:334,0
DA:335,0
DA:336,0
DA:337,0
DA:344,0
DA:346,0
DA:347,0
DA:348,0
DA:349,0
DA:354,0
DA:356,0
DA:357,0
DA:358,0
DA:360,0
DA:361,0
DA:362,0
DA:382,3
DA:388,2
DA:390,2
DA:391,2
DA:392,2
DA:393,2
DA:394,6
DA:395,2
DA:403,3
DA:405,2
DA:424,3
DA:430,2
DA:432,2
DA:433,2
DA:435,2
DA:437,2
DA:438,2
DA:440,2
DA:441,6
DA:444,2
DA:445,2
DA:447,8
DA:451,2
DA:452,2
DA:454,8
DA:455,6
DA:470,3
DA:476,0
DA:478,0
DA:480,0
DA:481,0
DA:482,0
DA:483,0
DA:484,0
DA:487,0
DA:488,0
DA:489,0
DA:491,0
DA:494,0
DA:495,0
DA:496,0
DA:497,0
DA:500,0
DA:501,0
DA:502,0
DA:516,3
DA:522,2
DA:524,2
DA:526,2
DA:528,2
DA:529,2
DA:530,2
DA:531,8
DA:533,2
DA:536,2
LF:204
LH:147
end_of_record
SF:lib\screens\analytics\analytics_overview_tab.dart
DA:9,3
DA:11,2
DA:13,4
DA:14,4
DA:16,2
DA:18,2
DA:20,2
DA:22,2
DA:23,4
DA:24,2
DA:25,0
DA:33,2
DA:34,2
DA:35,2
DA:41,0
DA:42,0
DA:44,0
DA:45,0
DA:48,4
DA:49,2
DA:51,2
DA:57,0
LF:22
LH:16
end_of_record
SF:lib\screens\analytics\analytics_screen.dart
DA:18,3
DA:20,2
DA:21,2
DA:28,2
DA:30,2
DA:31,4
DA:34,2
DA:36,4
DA:37,2
DA:40,2
DA:42,6
DA:43,6
DA:44,6
DA:45,6
DA:47,2
DA:48,4
DA:49,2
DA:50,2
DA:51,2
DA:52,2
DA:54,2
DA:56,0
DA:59,2
DA:62,0
DA:63,0
DA:66,2
DA:68,2
DA:70,2
DA:71,2
DA:72,2
DA:73,2
DA:87,2
DA:88,2
DA:90,2
DA:91,2
DA:92,2
DA:94,0
DA:96,2
DA:98,8
DA:100,2
DA:104,2
DA:105,2
DA:106,2
DA:108,6
DA:117,0
DA:118,0
DA:119,0
DA:120,0
DA:127,0
DA:128,0
DA:129,0
DA:137,2
DA:138,2
DA:140,2
DA:141,6
DA:142,2
DA:144,2
DA:145,2
DA:146,2
DA:147,6
DA:148,2
DA:152,6
DA:153,6
DA:171,2
DA:176,2
DA:178,2
DA:180,2
DA:182,2
DA:183,6
DA:184,2
DA:186,2
DA:187,4
DA:188,4
DA:189,12
DA:190,2
DA:191,2
DA:192,0
DA:193,2
DA:196,2
DA:198,6
DA:200,2
DA:202,2
DA:205,2
DA:207,6
DA:208,6
DA:216,2
DA:229,2
DA:235,2
DA:237,2
DA:239,2
DA:241,4
DA:242,4
DA:244,2
DA:245,2
DA:247,2
DA:248,0
DA:251,6
DA:253,2
DA:254,2
DA:255,6
DA:256,0
DA:261,2
DA:262,0
DA:273,2
DA:275,2
DA:277,2
DA:279,4
DA:280,4
DA:281,2
DA:282,2
DA:283,2
DA:285,2
DA:291,2
DA:292,2
DA:294,2
DA:300,2
DA:301,2
DA:303,2
DA:304,2
DA:305,2
DA:310,2
DA:311,0
DA:319,2
DA:321,2
DA:323,4
DA:324,4
DA:326,2
DA:328,2
DA:329,2
DA:330,4
DA:331,2
DA:332,2
DA:333,0
DA:335,2
DA:336,2
DA:337,2
DA:338,2
DA:340,2
DA:341,0
DA:342,0
DA:347,2
DA:348,2
DA:350,2
DA:351,0
DA:353,2
DA:357,2
DA:358,2
DA:360,8
DA:367,2
DA:368,0
DA:379,2
DA:385,2
DA:387,2
DA:389,2
DA:390,8
DA:391,2
DA:392,2
DA:393,8
DA:396,2
DA:399,2
DA:400,2
DA:401,2
DA:402,8
DA:403,6
DA:407,2
DA:408,2
DA:409,8
DA:414,2
DA:416,0
DA:417,0
DA:418,0
DA:419,0
LF:172
LH:147
end_of_record
SF:lib\utils\currency_formatter.dart
DA:8,0
DA:9,0
DA:13,3
DA:14,3
DA:15,3
DA:17,0
DA:19,15
DA:20,2
DA:21,2
DA:22,2
DA:24,2
DA:25,4
DA:27,2
DA:35,2
DA:37,2
DA:38,2
DA:41,2
DA:44,0
DA:51,0
DA:56,0
DA:57,0
DA:58,0
DA:62,0
DA:63,0
DA:64,0
DA:66,0
DA:68,0
DA:76,2
DA:77,2
DA:81,0
DA:84,0
DA:85,0
DA:87,0
LF:33
LH:16
end_of_record
SF:lib\screens\analytics\analytics_trends_tab.dart
DA:23,3
DA:25,0
DA:26,0
DA:32,0
DA:34,0
DA:42,0
DA:44,0
DA:46,0
DA:48,0
DA:50,0
DA:54,0
DA:55,0
DA:56,0
DA:57,0
DA:66,0
DA:67,0
DA:68,0
DA:69,0
DA:78,0
DA:79,0
DA:80,0
DA:81,0
DA:82,0
DA:83,0
DA:84,0
DA:85,0
DA:89,0
DA:90,0
DA:92,0
DA:93,0
DA:94,0
DA:96,0
DA:97,0
DA:98,0
DA:99,0
DA:100,0
DA:101,0
DA:102,0
DA:103,0
DA:106,0
DA:108,0
DA:110,0
DA:112,0
DA:115,0
DA:118,0
DA:119,0
DA:126,0
DA:131,0
DA:132,0
DA:139,0
DA:141,0
DA:142,0
DA:143,0
DA:144,0
DA:145,0
DA:147,0
DA:148,0
DA:149,0
DA:155,0
DA:157,0
DA:159,0
DA:160,0
DA:161,0
DA:163,0
DA:168,0
DA:170,0
DA:171,0
DA:172,0
DA:173,0
DA:183,0
DA:184,0
DA:186,0
DA:187,0
DA:192,0
DA:193,0
DA:196,0
DA:197,0
DA:198,0
DA:202,0
DA:203,0
DA:204,0
DA:205,0
DA:206,0
DA:207,0
DA:209,0
DA:210,0
DA:211,0
DA:212,0
DA:229,0
DA:230,0
DA:231,0
DA:232,0
DA:233,0
DA:236,0
DA:237,0
DA:238,0
DA:239,0
DA:240,0
DA:243,0
DA:244,0
DA:245,0
DA:246,0
DA:251,0
DA:254,0
DA:255,0
DA:256,0
DA:260,0
DA:262,0
DA:263,0
DA:264,0
DA:266,0
DA:267,0
DA:270,0
DA:271,0
DA:272,0
DA:274,0
DA:276,0
DA:277,0
DA:278,0
DA:280,0
DA:281,0
DA:283,0
DA:284,0
DA:289,0
DA:290,0
DA:294,0
DA:296,0
DA:298,0
DA:300,0
DA:311,0
DA:313,0
DA:315,0
DA:317,0
DA:318,0
DA:321,0
DA:322,0
DA:323,0
DA:327,0
DA:328,0
DA:329,0
LF:140
LH:1
end_of_record
SF:lib\widgets\premium\premium_gate.dart
DA:27,0
DA:35,0
DA:37,0
DA:40,0
DA:43,0
DA:44,0
DA:45,0
DA:46,0
DA:48,0
DA:59,0
DA:70,3
DA:75,4
DA:81,4
DA:82,4
DA:87,2
DA:92,2
DA:99,4
DA:101,4
DA:102,4
DA:103,4
DA:104,4
DA:105,4
DA:108,4
DA:109,4
DA:110,4
DA:111,4
DA:117,4
DA:119,4
DA:120,4
DA:121,12
DA:122,4
DA:124,4
DA:138,2
DA:140,2
DA:142,2
DA:144,2
DA:146,1
DA:148,0
DA:150,0
DA:152,0
DA:154,0
DA:166,3
DA:172,2
DA:174,4
DA:176,2
DA:179,2
DA:180,2
DA:183,2
DA:184,6
DA:185,6
DA:188,2
DA:189,2
DA:190,2
DA:193,2
DA:194,2
DA:195,2
DA:201,2
DA:203,2
DA:209,2
DA:211,2
DA:212,2
DA:215,2
DA:216,4
DA:218,2
DA:224,2
DA:225,2
DA:226,8
DA:234,2
DA:235,2
DA:236,8
DA:237,6
DA:244,2
DA:246,2
DA:247,2
DA:248,2
DA:249,2
DA:252,2
DA:253,2
DA:267,0
DA:268,0
DA:269,0
DA:278,3
DA:283,0
DA:285,0
DA:287,0
DA:288,0
DA:289,0
DA:290,0
DA:291,0
DA:294,0
DA:296,0
DA:297,0
DA:299,0
DA:300,0
DA:301,0
DA:303,0
LF:96
LH:65
end_of_record
SF:lib\screens\auth\auth_screen.dart
DA:14,3
DA:16,0
DA:17,0
DA:29,0
DA:31,0
DA:32,0
DA:35,0
DA:37,0
DA:38,0
DA:39,0
DA:40,0
DA:41,0
DA:44,0
DA:46,0
DA:47,0
DA:48,0
DA:49,0
DA:51,0
DA:52,0
DA:53,0
DA:56,0
DA:57,0
DA:58,0
DA:60,0
DA:67,0
DA:68,0
DA:69,0
DA:79,0
DA:80,0
DA:81,0
DA:82,0
DA:89,0
DA:90,0
DA:91,0
DA:99,0
DA:101,0
DA:102,0
DA:103,0
DA:104,0
DA:105,0
DA:107,0
DA:111,0
DA:112,0
DA:113,0
DA:114,0
DA:118,0
DA:119,0
DA:120,0
DA:122,0
DA:123,0
DA:126,0
DA:127,0
DA:128,0
DA:129,0
DA:130,0
DA:132,0
DA:133,0
DA:137,0
DA:138,0
DA:139,0
DA:141,0
DA:142,0
DA:145,0
DA:146,0
DA:147,0
DA:148,0
DA:149,0
DA:150,0
DA:151,0
DA:155,0
DA:156,0
DA:157,0
DA:158,0
DA:159,0
DA:162,0
DA:163,0
DA:166,0
DA:167,0
DA:169,0
DA:172,0
DA:173,0
DA:174,0
DA:175,0
DA:176,0
DA:177,0
DA:178,0
DA:182,0
DA:183,0
DA:184,0
DA:185,0
DA:186,0
DA:187,0
DA:190,0
DA:191,0
DA:194,0
DA:195,0
DA:198,0
DA:199,0
DA:201,0
DA:204,0
DA:205,0
DA:206,0
DA:207,0
DA:208,0
DA:209,0
DA:210,0
DA:211,0
DA:215,0
DA:217,0
DA:218,0
DA:222,0
DA:224,0
DA:225,0
DA:227,0
DA:228,0
DA:229,0
DA:230,0
DA:232,0
DA:234,0
DA:235,0
DA:237,0
DA:238,0
DA:239,0
DA:245,0
DA:246,0
DA:249,0
DA:251,0
DA:252,0
DA:254,0
DA:255,0
DA:256,0
DA:257,0
DA:259,0
DA:260,0
DA:261,0
DA:262,0
DA:263,0
DA:264,0
DA:265,0
DA:266,0
DA:267,0
DA:268,0
DA:269,0
DA:282,0
DA:283,0
DA:285,0
DA:286,0
DA:287,0
DA:289,0
DA:290,0
DA:291,0
DA:296,0
DA:299,0
DA:302,0
DA:303,0
DA:304,0
DA:307,0
DA:310,0
DA:311,0
DA:312,0
DA:314,0
DA:316,0
DA:317,0
DA:318,0
DA:323,0
DA:324,0
DA:326,0
DA:327,0
DA:328,0
DA:329,0
DA:330,0
DA:331,0
DA:332,0
DA:333,0
DA:334,0
DA:335,0
DA:336,0
DA:337,0
DA:342,0
DA:343,0
DA:344,0
DA:345,0
DA:346,0
DA:347,0
DA:368,0
DA:376,0
DA:378,0
DA:380,0
DA:381,0
DA:382,0
DA:385,0
DA:388,0
DA:393,0
DA:394,0
DA:397,0
DA:398,0
DA:400,0
DA:405,0
DA:407,0
DA:408,0
DA:413,0
DA:415,0
DA:416,0
DA:417,0
DA:438,0
DA:446,0
DA:448,0
DA:450,0
DA:451,0
DA:452,0
DA:455,0
DA:458,0
DA:463,0
DA:464,0
DA:467,0
DA:470,0
DA:475,0
DA:476,0
DA:479,0
DA:480,0
DA:482,0
DA:487,0
DA:489,0
DA:490,0
DA:493,0
DA:495,0
DA:496,0
DA:497,0
DA:517,0
DA:524,0
DA:526,0
DA:529,0
DA:530,0
DA:531,0
DA:532,0
DA:533,0
DA:534,0
DA:537,0
DA:538,0
DA:541,0
DA:542,0
DA:543,0
DA:544,0
DA:545,0
DA:546,0
DA:547,0
LF:246
LH:1
end_of_record
SF:lib\screens\auth\verify_email_code_screen.dart
DA:13,0
DA:15,0
DA:17,0
DA:27,0
DA:29,0
DA:30,0
DA:33,0
DA:35,0
DA:36,0
DA:37,0
DA:40,0
DA:41,0
DA:42,0
DA:43,0
DA:44,0
DA:45,0
DA:48,0
DA:49,0
DA:50,0
DA:55,0
DA:57,0
DA:58,0
DA:59,0
DA:60,0
DA:62,0
DA:63,0
DA:64,0
DA:65,0
DA:68,0
DA:69,0
DA:70,0
DA:72,0
DA:73,0
DA:75,0
DA:76,0
DA:77,0
DA:87,0
DA:88,0
DA:89,0
DA:90,0
DA:93,0
DA:94,0
DA:96,0
DA:99,0
DA:100,0
DA:101,0
DA:102,0
DA:103,0
DA:104,0
DA:105,0
DA:106,0
DA:107,0
DA:112,0
DA:113,0
DA:114,0
DA:116,0
DA:117,0
DA:118,0
DA:119,0
DA:121,0
DA:125,0
DA:127,0
DA:129,0
DA:130,0
DA:133,0
DA:134,0
DA:136,0
DA:138,0
DA:140,0
DA:142,0
DA:146,0
DA:147,0
DA:148,0
DA:149,0
DA:152,0
DA:153,0
DA:155,0
DA:156,0
DA:157,0
DA:159,0
DA:160,0
DA:161,0
DA:162,0
DA:167,0
DA:168,0
DA:171,0
DA:172,0
DA:173,0
DA:176,0
DA:177,0
DA:181,0
DA:182,0
DA:186,0
DA:187,0
DA:189,0
DA:191,0
DA:192,0
DA:202,0
DA:203,0
DA:205,0
DA:206,0
DA:207,0
DA:209,0
DA:210,0
DA:211,0
DA:212,0
DA:213,0
DA:217,0
DA:218,0
DA:220,0
LF:110
LH:0
end_of_record
SF:lib\screens\auth\forgot_password_screen.dart
DA:7,3
DA:9,0
DA:11,0
DA:20,0
DA:22,0
DA:23,0
DA:26,0
DA:27,0
DA:28,0
DA:29,0
DA:32,0
DA:33,0
DA:35,0
DA:38,0
DA:39,0
DA:40,0
DA:41,0
DA:42,0
DA:43,0
DA:47,0
DA:49,0
DA:50,0
DA:51,0
DA:52,0
DA:53,0
DA:55,0
DA:57,0
DA:59,0
DA:62,0
DA:65,0
DA:67,0
DA:71,0
DA:72,0
DA:74,0
DA:75,0
DA:78,0
DA:79,0
DA:89,0
DA:90,0
DA:91,0
DA:92,0
DA:94,0
DA:96,0
DA:98,0
DA:100,0
DA:104,0
DA:106,0
DA:107,0
DA:110,0
DA:111,0
DA:113,0
DA:114,0
DA:115,0
DA:117,0
DA:118,0
DA:119,0
DA:120,0
DA:125,0
DA:126,0
DA:129,0
DA:130,0
DA:133,0
DA:134,0
DA:138,0
DA:139,0
DA:141,0
DA:142,0
DA:143,0
DA:153,0
DA:154,0
DA:155,0
LF:71
LH:1
end_of_record
SF:lib\screens\backup\backup_platform_io.dart
DA:5,0
DA:6,0
DA:7,0
DA:8,0
DA:9,0
LF:5
LH:0
end_of_record
SF:lib\screens\backup\backup_screen.dart
DA:10,3
DA:12,0
DA:13,0
DA:21,0
DA:23,0
DA:24,0
DA:25,0
DA:27,0
DA:29,0
DA:35,0
DA:36,0
DA:38,0
DA:39,0
DA:40,0
DA:42,0
DA:43,0
DA:46,0
DA:50,0
DA:51,0
DA:52,0
DA:54,0
DA:55,0
DA:56,0
DA:58,0
DA:59,0
DA:62,0
DA:66,0
DA:67,0
DA:68,0
DA:69,0
DA:70,0
DA:71,0
DA:72,0
DA:74,0
DA:77,0
DA:78,0
DA:79,0
DA:81,0
DA:85,0
DA:87,0
DA:96,0
DA:97,0
DA:98,0
DA:99,0
DA:100,0
DA:103,0
DA:104,0
DA:105,0
DA:106,0
DA:107,0
DA:108,0
DA:110,0
DA:111,0
DA:112,0
DA:113,0
DA:114,0
DA:115,0
DA:116,0
DA:117,0
DA:121,0
DA:122,0
DA:123,0
DA:124,0
LF:63
LH:1
end_of_record
SF:lib\screens\import\import_screen.dart
DA:15,3
DA:17,0
DA:18,0
DA:26,0
DA:28,0
DA:29,0
DA:30,0
DA:32,0
DA:34,0
DA:41,0
DA:42,0
DA:44,0
DA:45,0
DA:46,0
DA:48,0
DA:49,0
DA:52,0
DA:56,0
DA:57,0
DA:58,0
DA:60,0
DA:61,0
DA:62,0
DA:64,0
DA:65,0
DA:68,0
DA:72,0
DA:73,0
DA:74,0
DA:75,0
DA:76,0
DA:77,0
DA:78,0
DA:80,0
DA:89,0
DA:90,0
DA:91,0
DA:92,0
DA:93,0
DA:96,0
DA:98,0
DA:101,0
DA:102,0
DA:105,0
DA:106,0
DA:107,0
DA:108,0
DA:109,0
DA:110,0
DA:116,0
DA:118,0
DA:119,0
DA:120,0
DA:126,0
DA:127,0
DA:128,0
DA:129,0
DA:130,0
DA:136,0
DA:137,0
DA:138,0
DA:142,0
DA:143,0
DA:145,0
DA:146,0
DA:147,0
DA:151,0
DA:152,0
DA:153,0
DA:155,0
DA:156,0
DA:157,0
DA:161,0
DA:162,0
DA:164,0
DA:165,0
DA:166,0
DA:167,0
DA:168,0
DA:169,0
DA:170,0
DA:172,0
DA:173,0
DA:175,0
DA:176,0
DA:177,0
DA:178,0
DA:182,0
DA:183,0
DA:184,0
DA:185,0
LF:91
LH:1
end_of_record
SF:lib\screens\budgets\budget_detail_screen.dart
DA:13,0
DA:15,0
DA:17,0
DA:19,0
DA:20,0
DA:22,0
DA:23,0
DA:24,0
DA:25,0
DA:26,0
DA:27,0
DA:36,0
DA:40,0
DA:41,0
DA:42,0
DA:44,0
DA:45,0
DA:50,0
DA:51,0
DA:52,0
DA:53,0
DA:54,0
DA:56,0
DA:61,0
DA:62,0
DA:64,0
DA:66,0
DA:67,0
DA:68,0
DA:69,0
DA:72,0
DA:73,0
DA:74,0
DA:75,0
DA:76,0
DA:78,0
DA:90,0
DA:92,0
DA:94,0
DA:95,0
DA:96,0
DA:97,0
DA:99,0
DA:101,0
DA:103,0
DA:105,0
DA:108,0
DA:109,0
DA:110,0
DA:112,0
DA:113,0
DA:114,0
DA:115,0
DA:121,0
DA:122,0
DA:123,0
DA:124,0
DA:125,0
DA:132,0
DA:134,0
DA:135,0
DA:136,0
DA:138,0
DA:139,0
DA:147,0
DA:148,0
DA:155,0
DA:156,0
DA:160,0
DA:161,0
DA:162,0
DA:165,0
DA:170,0
DA:171,0
DA:181,0
DA:183,0
DA:184,0
DA:185,0
DA:186,0
DA:188,0
DA:189,0
DA:192,0
DA:193,0
DA:194,0
DA:201,0
DA:203,0
DA:204,0
DA:206,0
DA:208,0
DA:210,0
DA:218,0
DA:220,0
DA:221,0
DA:223,0
DA:225,0
DA:227,0
DA:243,0
DA:245,0
DA:247,0
DA:250,0
DA:251,0
DA:252,0
DA:253,0
DA:254,0
DA:257,0
DA:259,0
DA:260,0
DA:261,0
DA:262,0
DA:267,0
DA:279,0
DA:285,0
DA:287,0
DA:289,0
DA:291,0
DA:292,0
DA:293,0
DA:294,0
DA:295,0
DA:298,0
DA:299,0
DA:300,0
DA:302,0
LF:123
LH:0
end_of_record
SF:lib\screens\budgets\create_budget_screen.dart
DA:19,3
DA:21,0
DA:22,0
DA:37,0
DA:39,0
DA:41,0
DA:42,0
DA:43,0
DA:44,0
DA:45,0
DA:46,0
DA:47,0
DA:48,0
DA:49,0
DA:50,0
DA:51,0
DA:52,0
DA:56,0
DA:58,0
DA:59,0
DA:60,0
DA:63,0
DA:65,0
DA:66,0
DA:67,0
DA:69,0
DA:70,0
DA:71,0
DA:73,0
DA:74,0
DA:75,0
DA:77,0
DA:78,0
DA:80,0
DA:81,0
DA:82,0
DA:84,0
DA:87,0
DA:90,0
DA:92,0
DA:93,0
DA:94,0
DA:97,0
DA:101,0
DA:102,0
DA:103,0
DA:104,0
DA:109,0
DA:111,0
DA:117,0
DA:118,0
DA:119,0
DA:120,0
DA:121,0
DA:122,0
DA:123,0
DA:124,0
DA:126,0
DA:131,0
DA:132,0
DA:134,0
DA:135,0
DA:137,0
DA:138,0
DA:139,0
DA:141,0
DA:142,0
DA:146,0
DA:147,0
DA:149,0
DA:150,0
DA:151,0
DA:152,0
DA:156,0
DA:157,0
DA:158,0
DA:159,0
DA:160,0
DA:161,0
DA:163,0
DA:164,0
DA:165,0
DA:168,0
DA:170,0
DA:171,0
DA:173,0
DA:174,0
DA:175,0
DA:176,0
DA:177,0
DA:180,0
DA:184,0
DA:188,0
DA:195,0
DA:196,0
DA:198,0
DA:204,0
DA:205,0
DA:206,0
DA:207,0
DA:209,0
DA:212,0
DA:213,0
DA:214,0
DA:215,0
DA:216,0
DA:217,0
DA:218,0
DA:220,0
DA:221,0
DA:222,0
DA:223,0
DA:227,0
DA:231,0
DA:232,0
DA:233,0
DA:237,0
DA:238,0
DA:240,0
DA:241,0
DA:242,0
DA:243,0
DA:244,0
DA:246,0
DA:248,0
DA:252,0
DA:253,0
DA:254,0
DA:255,0
DA:257,0
DA:260,0
DA:261,0
DA:262,0
DA:266,0
DA:267,0
DA:268,0
DA:269,0
DA:271,0
DA:272,0
DA:273,0
DA:274,0
DA:275,0
DA:276,0
DA:281,0
DA:282,0
DA:286,0
DA:287,0
DA:293,0
DA:294,0
DA:296,0
DA:297,0
DA:300,0
DA:303,0
DA:305,0
DA:306,0
DA:307,0
DA:311,0
DA:312,0
DA:313,0
DA:315,0
DA:317,0
DA:318,0
DA:322,0
DA:323,0
DA:327,0
DA:328,0
DA:329,0
DA:330,0
DA:331,0
DA:337,0
DA:338,0
DA:339,0
DA:343,0
LF:173
LH:1
end_of_record
SF:lib\screens\budgets\budgets_screen.dart
DA:15,3
DA:17,2
DA:19,4
DA:20,4
DA:22,2
DA:23,4
DA:24,2
DA:25,2
DA:26,2
DA:27,2
DA:29,2
DA:31,2
DA:32,2
DA:33,4
DA:34,2
DA:35,0
DA:37,0
DA:39,2
DA:40,0
DA:46,2
DA:47,4
DA:48,0
DA:49,0
DA:53,2
DA:58,2
DA:59,4
DA:61,2
DA:63,2
DA:64,2
DA:65,2
DA:67,0
DA:69,2
DA:71,8
DA:73,2
DA:76,2
DA:80,2
DA:81,2
DA:82,0
DA:83,2
DA:85,6
DA:93,2
DA:94,2
DA:96,2
DA:97,4
DA:98,4
DA:100,2
DA:101,6
DA:102,2
DA:105,0
DA:110,0
DA:111,0
DA:112,0
DA:116,0
DA:117,0
DA:118,0
DA:122,0
DA:123,0
DA:125,0
DA:134,0
DA:135,0
DA:136,0
DA:148,2
DA:150,2
DA:152,2
DA:154,2
DA:156,2
DA:157,2
DA:158,2
DA:159,6
DA:160,8
DA:163,2
DA:164,2
DA:165,2
DA:166,8
DA:172,2
DA:174,2
DA:175,2
DA:176,2
DA:179,2
DA:181,8
DA:187,4
DA:188,0
DA:190,0
DA:191,0
DA:192,0
DA:194,0
DA:196,0
DA:199,0
DA:200,0
DA:209,2
DA:210,2
DA:211,2
DA:212,2
DA:214,6
DA:217,2
DA:218,2
DA:220,6
DA:223,2
DA:224,2
DA:226,8
DA:241,2
DA:243,2
DA:245,2
DA:247,2
DA:248,2
DA:249,2
DA:253,2
DA:254,2
DA:269,2
DA:271,2
DA:273,2
DA:274,2
DA:276,2
DA:278,2
DA:279,2
DA:281,2
DA:282,6
DA:285,2
DA:288,8
DA:292,2
DA:294,8
DA:299,2
DA:302,8
DA:303,6
DA:307,2
DA:308,2
DA:311,2
DA:326,0
DA:328,0
DA:330,0
DA:332,0
DA:333,0
DA:334,0
DA:335,0
DA:336,0
DA:346,0
DA:348,0
DA:350,0
DA:351,0
DA:352,0
DA:354,0
DA:355,0
DA:356,0
DA:358,0
DA:359,0
DA:360,0
DA:361,0
DA:362,0
DA:364,0
DA:365,0
DA:366,0
DA:372,0
DA:374,0
DA:375,0
DA:376,0
DA:377,0
DA:379,0
DA:380,0
DA:381,0
DA:383,0
DA:386,0
DA:387,0
DA:389,0
DA:390,0
DA:391,0
DA:392,0
DA:397,0
DA:398,0
DA:399,0
DA:400,0
DA:406,0
DA:410,0
DA:412,0
DA:413,0
DA:414,0
DA:415,0
DA:417,0
DA:418,0
DA:419,0
DA:420,0
DA:426,0
DA:427,0
DA:428,0
DA:431,0
DA:432,0
DA:436,0
DA:438,0
DA:439,0
DA:440,0
DA:441,0
DA:443,0
DA:444,0
DA:445,0
DA:446,0
DA:447,0
DA:451,0
DA:452,0
DA:467,0
DA:469,0
DA:471,0
DA:472,0
DA:473,0
DA:474,0
DA:477,0
DA:479,0
DA:480,0
DA:481,0
DA:483,0
DA:485,0
DA:486,0
DA:488,0
DA:490,0
LF:212
LH:99
end_of_record
SF:lib\screens\categories\add_edit_category_screen.dart
DA:13,3
DA:15,0
DA:17,0
DA:30,0
DA:31,0
DA:33,0
DA:35,0
DA:36,0
DA:37,0
DA:38,0
DA:39,0
DA:40,0
DA:41,0
DA:44,0
DA:46,0
DA:47,0
DA:48,0
DA:51,0
DA:52,0
DA:53,0
DA:55,0
DA:56,0
DA:57,0
DA:58,0
DA:59,0
DA:64,0
DA:66,0
DA:67,0
DA:68,0
DA:69,0
DA:70,0
DA:71,0
DA:72,0
DA:74,0
DA:78,0
DA:80,0
DA:81,0
DA:83,0
DA:84,0
DA:85,0
DA:88,0
DA:93,0
DA:94,0
DA:96,0
DA:97,0
DA:98,0
DA:99,0
DA:101,0
DA:102,0
DA:103,0
DA:107,0
DA:108,0
DA:110,0
DA:111,0
DA:112,0
DA:119,0
DA:120,0
DA:121,0
DA:122,0
DA:124,0
DA:125,0
DA:126,0
DA:127,0
DA:128,0
DA:129,0
DA:130,0
DA:131,0
DA:132,0
DA:134,0
DA:135,0
DA:138,0
DA:140,0
DA:141,0
DA:142,0
DA:145,0
DA:148,0
DA:149,0
DA:151,0
DA:153,0
DA:155,0
DA:156,0
DA:157,0
DA:159,0
DA:160,0
DA:163,0
DA:166,0
DA:167,0
DA:168,0
DA:169,0
DA:170,0
DA:171,0
DA:172,0
DA:173,0
DA:174,0
DA:175,0
DA:177,0
DA:178,0
DA:179,0
DA:180,0
DA:181,0
DA:183,0
DA:188,0
DA:192,0
DA:198,0
DA:199,0
DA:200,0
DA:201,0
DA:202,0
DA:204,0
DA:205,0
DA:206,0
DA:209,0
DA:210,0
DA:211,0
DA:212,0
DA:213,0
DA:215,0
DA:217,0
DA:218,0
DA:219,0
DA:221,0
DA:222,0
DA:225,0
DA:228,0
DA:229,0
DA:232,0
DA:236,0
DA:237,0
DA:240,0
DA:241,0
DA:242,0
DA:243,0
DA:244,0
DA:245,0
DA:247,0
DA:251,0
DA:254,0
DA:261,0
DA:265,0
DA:266,0
DA:267,0
DA:268,0
DA:273,0
DA:275,0
DA:276,0
DA:278,0
DA:279,0
DA:280,0
DA:281,0
DA:283,0
DA:285,0
DA:286,0
DA:288,0
DA:289,0
DA:290,0
DA:291,0
DA:293,0
DA:295,0
DA:296,0
DA:297,0
DA:298,0
DA:299,0
DA:301,0
DA:302,0
DA:303,0
DA:304,0
DA:306,0
DA:308,0
DA:311,0
DA:313,0
DA:314,0
DA:315,0
DA:319,0
DA:323,0
DA:324,0
DA:326,0
DA:327,0
DA:328,0
DA:329,0
DA:330,0
DA:332,0
DA:333,0
DA:334,0
DA:335,0
DA:337,0
DA:338,0
DA:339,0
DA:345,0
DA:346,0
DA:347,0
DA:350,0
DA:352,0
DA:353,0
DA:354,0
DA:355,0
DA:356,0
DA:357,0
DA:363,0
DA:364,0
DA:365,0
DA:366,0
DA:367,0
DA:368,0
DA:369,0
DA:370,0
DA:373,0
DA:379,0
DA:382,0
DA:383,0
DA:384,0
DA:385,0
DA:387,0
DA:388,0
DA:391,0
DA:392,0
DA:393,0
DA:396,0
DA:397,0
DA:398,0
DA:399,0
DA:401,0
DA:402,0
DA:404,0
DA:412,0
DA:413,0
DA:414,0
DA:416,0
DA:418,0
DA:419,0
LF:229
LH:1
end_of_record
SF:lib\utils\category_icon_mapper.dart
DA:4,0
DA:50,4
DA:52,0
DA:54,2
DA:56,2
DA:58,0
DA:60,0
DA:62,0
DA:64,0
DA:66,0
LF:10
LH:3
end_of_record
SF:lib\utils\category_colors.dart
DA:4,0
DA:13,2
DA:14,2
DA:15,10
DA:18,0
LF:5
LH:3
end_of_record
SF:lib\screens\categories\categories_overview_screen.dart
DA:17,3
DA:19,2
DA:21,2
DA:29,2
DA:31,6
DA:32,6
DA:34,2
DA:35,2
DA:36,2
DA:37,2
DA:38,2
DA:39,2
DA:41,2
DA:43,2
DA:44,2
DA:45,4
DA:46,4
DA:47,2
DA:48,0
DA:50,0
DA:52,2
DA:54,0
DA:60,2
DA:62,0
DA:64,0
DA:65,0
DA:71,2
DA:72,2
DA:74,2
DA:75,2
DA:76,2
DA:78,0
DA:80,2
DA:81,2
DA:82,2
DA:83,2
DA:84,2
DA:86,2
DA:87,0
DA:88,0
DA:97,2
DA:98,2
DA:99,2
DA:101,2
DA:103,2
DA:104,2
DA:106,0
DA:107,0
DA:108,0
DA:111,6
DA:112,2
DA:113,2
DA:114,2
DA:115,2
DA:116,2
DA:118,0
DA:119,0
DA:120,0
DA:128,2
DA:129,2
DA:131,2
DA:132,2
DA:133,2
DA:134,2
DA:136,2
DA:137,0
DA:141,2
DA:142,2
DA:144,2
DA:145,0
DA:153,2
DA:156,2
DA:158,12
DA:159,10
DA:161,2
DA:163,12
DA:165,2
DA:166,0
DA:167,0
DA:168,0
DA:169,2
DA:171,2
DA:172,2
DA:173,0
DA:176,4
DA:178,2
DA:179,0
DA:180,0
DA:184,2
DA:192,2
DA:193,2
DA:194,2
DA:195,4
DA:196,4
DA:197,2
DA:199,2
DA:200,0
DA:202,0
DA:203,0
DA:205,0
DA:206,2
DA:207,2
DA:208,6
DA:209,2
DA:210,2
DA:212,8
DA:215,2
DA:217,2
DA:218,2
DA:220,2
DA:221,2
DA:224,6
DA:228,4
DA:231,8
DA:234,2
DA:235,2
DA:236,2
DA:237,2
DA:242,2
DA:243,0
DA:244,0
DA:245,0
DA:246,0
DA:247,0
DA:256,0
DA:258,0
DA:260,0
DA:261,0
DA:263,0
DA:264,0
DA:267,0
DA:268,0
DA:269,0
DA:270,0
DA:273,0
DA:274,0
DA:277,0
DA:278,0
DA:279,0
DA:288,0
DA:290,0
DA:291,0
DA:292,0
DA:294,0
DA:296,0
DA:297,0
DA:298,0
DA:299,0
DA:300,0
DA:301,0
DA:307,0
DA:308,0
DA:311,0
DA:313,0
DA:314,0
DA:315,0
DA:316,0
DA:318,0
DA:322,0
DA:323,0
DA:324,0
DA:325,0
DA:326,0
DA:339,2
DA:342,2
DA:344,2
DA:345,2
DA:346,2
DA:348,2
DA:349,2
DA:350,6
DA:351,6
DA:352,2
DA:355,4
DA:356,2
DA:357,2
DA:358,6
DA:359,6
LF:178
LH:107
end_of_record
SF:lib\widgets\category_reassignment_dialog.dart
DA:7,0
DA:14,0
DA:15,0
DA:18,0
DA:23,0
DA:25,0
DA:26,0
DA:28,0
DA:29,0
DA:32,0
DA:33,0
DA:37,0
DA:38,0
DA:39,0
DA:40,0
DA:42,0
DA:43,0
DA:44,0
DA:52,0
DA:53,0
DA:54,0
DA:55,0
DA:58,0
DA:59,0
LF:24
LH:0
end_of_record
SF:lib\screens\categories\categories_screen.dart
DA:13,3
DA:15,0
DA:17,0
DA:18,0
DA:19,0
DA:22,0
DA:23,0
DA:24,0
DA:25,0
DA:27,0
DA:28,0
DA:30,0
DA:40,0
DA:42,0
DA:44,0
DA:45,0
DA:46,0
DA:47,0
DA:48,0
DA:49,0
DA:50,0
DA:51,0
DA:53,0
DA:55,0
DA:56,0
DA:57,0
DA:58,0
DA:60,0
DA:62,0
DA:65,0
DA:66,0
DA:67,0
DA:69,0
DA:71,0
DA:80,0
DA:82,0
DA:84,0
DA:87,0
DA:88,0
DA:89,0
DA:90,0
DA:91,0
DA:92,0
DA:94,0
DA:95,0
DA:97,0
DA:98,0
DA:99,0
DA:107,0
DA:109,0
DA:111,0
DA:113,0
DA:114,0
DA:115,0
DA:116,0
DA:118,0
DA:120,0
DA:121,0
DA:123,0
DA:124,0
DA:125,0
DA:127,0
DA:129,0
DA:130,0
DA:132,0
DA:133,0
DA:134,0
DA:135,0
DA:136,0
DA:137,0
DA:139,0
DA:140,0
DA:141,0
DA:142,0
DA:145,0
DA:147,0
DA:150,0
DA:152,0
DA:154,0
DA:155,0
DA:158,0
DA:159,0
DA:162,0
DA:170,0
DA:171,0
DA:173,0
DA:174,0
DA:177,0
DA:178,0
DA:179,0
DA:181,0
DA:183,0
DA:184,0
DA:186,0
DA:187,0
DA:188,0
DA:191,0
DA:192,0
DA:195,0
DA:196,0
DA:197,0
DA:203,0
DA:205,0
DA:207,0
DA:208,0
DA:209,0
DA:210,0
DA:211,0
DA:212,0
DA:213,0
DA:214,0
DA:216,0
DA:217,0
DA:221,0
DA:222,0
DA:223,0
DA:224,0
DA:226,0
DA:229,0
DA:231,0
DA:232,0
DA:234,0
DA:235,0
DA:237,0
DA:239,0
DA:246,0
DA:248,0
DA:249,0
DA:250,0
DA:252,0
DA:254,0
DA:255,0
DA:256,0
DA:257,0
DA:259,0
DA:260,0
DA:261,0
DA:267,0
DA:269,0
DA:270,0
DA:274,0
DA:275,0
DA:276,0
DA:277,0
DA:278,0
DA:279,0
DA:280,0
DA:282,0
DA:286,0
DA:288,0
DA:289,0
DA:290,0
DA:291,0
LF:153
LH:1
end_of_record
SF:lib\screens\edit_transaction_screen.dart
DA:16,0
DA:18,0
DA:20,0
DA:34,0
DA:36,0
DA:37,0
DA:38,0
DA:39,0
DA:40,0
DA:41,0
DA:42,0
DA:43,0
DA:44,0
DA:45,0
DA:48,0
DA:50,0
DA:51,0
DA:52,0
DA:55,0
DA:57,0
DA:58,0
DA:59,0
DA:60,0
DA:62,0
DA:63,0
DA:64,0
DA:66,0
DA:67,0
DA:69,0
DA:70,0
DA:71,0
DA:76,0
DA:78,0
DA:80,0
DA:82,0
DA:84,0
DA:89,0
DA:91,0
DA:92,0
DA:94,0
DA:97,0
DA:98,0
DA:99,0
DA:103,0
DA:106,0
DA:111,0
DA:112,0
DA:114,0
DA:115,0
DA:117,0
DA:118,0
DA:119,0
DA:121,0
DA:122,0
DA:127,0
DA:128,0
DA:129,0
DA:130,0
DA:132,0
DA:133,0
DA:134,0
DA:137,0
DA:139,0
DA:140,0
DA:142,0
DA:143,0
DA:145,0
DA:146,0
DA:147,0
DA:148,0
DA:153,0
DA:154,0
DA:155,0
DA:157,0
DA:158,0
DA:159,0
DA:162,0
DA:164,0
DA:167,0
DA:168,0
DA:169,0
DA:170,0
DA:172,0
DA:175,0
DA:176,0
DA:177,0
DA:181,0
DA:184,0
DA:187,0
DA:189,0
DA:190,0
DA:194,0
DA:206,0
DA:207,0
DA:209,0
DA:210,0
DA:216,0
DA:217,0
DA:218,0
DA:219,0
DA:220,0
DA:221,0
DA:223,0
DA:224,0
DA:225,0
DA:226,0
DA:228,0
DA:229,0
DA:230,0
DA:235,0
DA:236,0
DA:237,0
DA:238,0
DA:239,0
DA:241,0
DA:244,0
DA:245,0
DA:247,0
DA:248,0
DA:249,0
DA:250,0
DA:251,0
DA:253,0
DA:255,0
DA:256,0
DA:257,0
DA:260,0
DA:262,0
DA:264,0
DA:266,0
DA:267,0
DA:268,0
DA:270,0
DA:277,0
DA:278,0
DA:279,0
DA:291,0
DA:295,0
DA:300,0
DA:304,0
DA:306,0
DA:307,0
DA:308,0
DA:315,0
DA:316,0
DA:317,0
DA:318,0
DA:324,0
DA:325,0
DA:331,0
DA:332,0
DA:338,0
DA:339,0
DA:345,0
DA:346,0
DA:348,0
DA:349,0
DA:350,0
DA:351,0
DA:353,0
DA:357,0
DA:358,0
DA:360,0
DA:362,0
DA:363,0
DA:364,0
DA:365,0
DA:366,0
DA:367,0
DA:370,0
DA:372,0
DA:373,0
DA:374,0
DA:375,0
DA:380,0
DA:383,0
DA:384,0
DA:385,0
DA:386,0
DA:390,0
DA:391,0
DA:392,0
DA:395,0
DA:396,0
DA:397,0
DA:398,0
DA:399,0
DA:400,0
DA:407,0
DA:409,0
LF:190
LH:0
end_of_record
SF:lib\screens\export\export_screen.dart
DA:18,3
DA:20,1
DA:21,1
DA:32,1
DA:34,4
DA:36,1
DA:37,1
DA:42,0
DA:46,0
DA:47,0
DA:49,0
DA:51,0
DA:53,0
DA:55,0
DA:56,0
DA:57,0
DA:59,0
DA:60,0
DA:61,0
DA:63,0
DA:66,0
DA:67,0
DA:69,0
DA:79,0
DA:81,0
DA:86,0
DA:88,0
DA:89,0
DA:94,0
DA:95,0
DA:96,0
DA:98,0
DA:105,0
DA:107,0
DA:113,0
DA:119,0
DA:122,0
DA:123,0
DA:125,0
DA:128,0
DA:129,0
DA:135,0
DA:138,0
DA:139,0
DA:140,0
DA:147,0
DA:148,0
DA:149,0
DA:150,0
DA:157,0
DA:159,0
DA:162,0
DA:168,0
DA:169,0
DA:170,0
DA:171,0
DA:172,0
DA:173,0
DA:174,0
DA:175,0
DA:177,0
DA:179,0
DA:180,0
DA:182,0
DA:183,0
DA:184,0
DA:186,0
DA:188,0
DA:189,0
DA:190,0
DA:191,0
DA:193,0
DA:194,0
DA:196,0
DA:197,0
DA:201,0
DA:202,0
DA:203,0
DA:209,0
DA:211,0
DA:216,0
DA:219,0
DA:227,0
DA:228,0
DA:230,0
DA:231,0
DA:232,0
DA:234,0
DA:236,0
DA:238,0
DA:239,0
DA:240,0
DA:242,0
DA:243,0
DA:246,0
DA:247,0
DA:254,0
DA:255,0
DA:257,0
DA:258,0
DA:259,0
DA:260,0
DA:262,0
DA:264,0
DA:265,0
DA:266,0
DA:269,0
DA:271,0
DA:273,0
DA:279,0
DA:280,0
DA:281,0
DA:283,0
DA:284,0
DA:285,0
DA:286,0
DA:290,0
DA:291,0
DA:292,0
DA:293,0
DA:294,0
DA:300,0
DA:301,0
DA:302,0
DA:314,0
DA:315,0
DA:316,0
DA:319,0
DA:320,0
DA:321,0
DA:323,0
DA:327,0
DA:328,0
DA:329,0
DA:330,0
DA:331,0
DA:334,0
DA:335,0
DA:337,0
DA:338,0
DA:339,0
DA:342,0
DA:343,0
DA:344,0
DA:345,0
DA:351,0
DA:352,0
DA:353,0
DA:354,0
DA:355,0
DA:356,0
DA:364,0
DA:365,0
DA:366,0
DA:367,0
DA:376,0
DA:377,0
DA:379,0
DA:380,0
DA:385,0
DA:390,0
DA:391,0
DA:392,0
DA:394,0
DA:395,0
DA:401,0
DA:402,0
DA:409,0
DA:410,0
DA:413,0
DA:414,0
DA:415,0
DA:417,0
LF:173
LH:7
end_of_record
SF:lib\services\export\export_strategy.dart
DA:13,0
DA:29,3
DA:44,0
LF:3
LH:1
end_of_record
SF:lib\services\export\csv_export_strategy.dart
DA:11,0
DA:13,0
DA:14,0
DA:15,0
DA:17,0
DA:18,0
DA:20,0
DA:21,0
DA:22,0
DA:23,0
DA:24,0
DA:30,0
DA:32,0
DA:34,0
DA:35,0
DA:37,0
DA:38,0
DA:39,0
DA:40,0
DA:41,0
DA:42,0
DA:43,0
DA:44,0
DA:45,0
DA:46,0
DA:49,0
DA:50,0
DA:51,0
DA:52,0
DA:53,0
DA:54,0
DA:58,0
DA:59,0
DA:60,0
LF:34
LH:0
end_of_record
SF:lib\screens\goals\add_edit_goal_screen.dart
DA:10,3
DA:12,0
DA:13,0
DA:25,0
DA:27,0
DA:29,0
DA:30,0
DA:31,0
DA:32,0
DA:34,0
DA:35,0
DA:36,0
DA:37,0
DA:40,0
DA:42,0
DA:43,0
DA:44,0
DA:45,0
DA:48,0
DA:50,0
DA:51,0
DA:52,0
DA:54,0
DA:55,0
DA:56,0
DA:58,0
DA:60,0
DA:62,0
DA:67,0
DA:68,0
DA:71,0
DA:72,0
DA:73,0
DA:74,0
DA:75,0
DA:76,0
DA:78,0
DA:80,0
DA:82,0
DA:83,0
DA:84,0
DA:87,0
DA:91,0
DA:92,0
DA:93,0
DA:95,0
DA:98,0
DA:100,0
DA:101,0
DA:102,0
DA:106,0
DA:107,0
DA:110,0
DA:112,0
DA:113,0
DA:114,0
DA:116,0
DA:119,0
DA:121,0
DA:123,0
DA:124,0
DA:125,0
DA:127,0
DA:128,0
DA:129,0
DA:130,0
DA:132,0
DA:133,0
DA:136,0
DA:138,0
DA:139,0
DA:141,0
DA:142,0
DA:143,0
DA:145,0
DA:147,0
DA:157,0
DA:158,0
DA:159,0
DA:160,0
DA:161,0
DA:162,0
DA:164,0
DA:167,0
DA:168,0
DA:170,0
DA:171,0
DA:173,0
DA:174,0
DA:175,0
DA:176,0
DA:178,0
DA:179,0
DA:180,0
DA:181,0
DA:183,0
DA:185,0
DA:186,0
DA:187,0
DA:188,0
DA:190,0
DA:191,0
DA:192,0
DA:193,0
DA:194,0
DA:196,0
DA:199,0
LF:107
LH:1
end_of_record
SF:lib\screens\goals\goal_detail_screen.dart
DA:13,0
DA:15,0
DA:17,0
DA:18,0
DA:20,0
DA:21,0
DA:22,0
DA:23,0
DA:27,0
DA:29,0
DA:30,0
DA:31,0
DA:32,0
DA:33,0
DA:35,0
DA:37,0
DA:40,0
DA:42,0
DA:46,0
DA:48,0
DA:50,0
DA:51,0
DA:53,0
DA:55,0
DA:56,0
DA:58,0
DA:59,0
DA:60,0
DA:61,0
DA:62,0
DA:63,0
DA:65,0
DA:66,0
DA:69,0
DA:70,0
DA:81,0
DA:82,0
DA:84,0
DA:85,0
DA:86,0
DA:87,0
DA:89,0
DA:90,0
DA:91,0
DA:93,0
DA:94,0
DA:95,0
DA:96,0
DA:97,0
DA:99,0
DA:100,0
DA:101,0
DA:109,0
DA:110,0
DA:111,0
DA:113,0
DA:114,0
DA:116,0
DA:117,0
DA:118,0
DA:119,0
DA:121,0
DA:122,0
DA:126,0
DA:127,0
DA:128,0
DA:130,0
DA:132,0
DA:133,0
DA:140,0
DA:141,0
DA:143,0
DA:144,0
DA:146,0
DA:148,0
DA:149,0
DA:150,0
DA:151,0
DA:152,0
DA:154,0
DA:160,0
DA:161,0
DA:163,0
DA:165,0
DA:168,0
DA:169,0
DA:170,0
DA:171,0
DA:172,0
DA:173,0
DA:177,0
DA:178,0
DA:179,0
DA:182,0
DA:188,0
DA:189,0
DA:190,0
DA:191,0
DA:192,0
DA:194,0
DA:195,0
DA:196,0
DA:197,0
DA:200,0
DA:201,0
DA:202,0
DA:204,0
DA:207,0
DA:210,0
DA:215,0
DA:216,0
DA:217,0
DA:219,0
DA:221,0
DA:222,0
DA:223,0
DA:224,0
DA:225,0
DA:228,0
DA:230,0
DA:232,0
DA:236,0
DA:238,0
DA:239,0
DA:240,0
DA:241,0
DA:242,0
DA:243,0
DA:244,0
DA:245,0
DA:246,0
DA:249,0
DA:252,0
DA:253,0
DA:256,0
DA:260,0
DA:262,0
DA:264,0
DA:276,0
DA:277,0
DA:279,0
DA:281,0
DA:282,0
DA:283,0
DA:284,0
DA:285,0
DA:286,0
DA:287,0
DA:288,0
DA:290,0
LF:150
LH:0
end_of_record
SF:lib\screens\goals\goals_screen.dart
DA:10,3
DA:12,0
DA:14,0
DA:16,0
DA:17,0
DA:32,0
DA:33,0
DA:35,0
DA:46,3
DA:48,0
DA:50,0
DA:51,0
DA:52,0
DA:54,0
DA:55,0
DA:56,0
DA:57,0
DA:58,0
DA:59,0
DA:61,0
DA:62,0
DA:67,0
DA:68,0
DA:69,0
DA:70,0
DA:72,0
DA:73,0
DA:74,0
DA:76,0
DA:79,0
DA:80,0
DA:82,0
DA:83,0
DA:92,0
DA:94,0
DA:96,0
DA:98,0
DA:100,0
DA:101,0
DA:102,0
DA:103,0
DA:105,0
DA:107,0
DA:109,0
DA:111,0
DA:112,0
DA:113,0
DA:114,0
DA:115,0
DA:116,0
DA:117,0
DA:123,0
DA:124,0
DA:126,0
DA:127,0
DA:128,0
DA:129,0
DA:130,0
DA:131,0
DA:135,0
DA:136,0
DA:137,0
DA:146,0
DA:147,0
DA:148,0
DA:149,0
DA:151,0
DA:152,0
DA:156,0
DA:158,0
DA:159,0
DA:160,0
DA:161,0
DA:163,0
DA:164,0
DA:165,0
LF:76
LH:2
end_of_record
SF:lib\screens\legal\about_screen.dart
DA:6,3
DA:8,1
DA:10,1
DA:11,1
DA:14,1
DA:16,1
DA:18,1
DA:22,1
DA:24,1
DA:25,4
DA:28,1
DA:31,3
DA:38,1
DA:40,4
DA:48,1
DA:50,1
DA:51,3
DA:52,1
DA:54,1
DA:56,4
DA:57,3
DA:65,1
DA:67,1
DA:68,3
DA:69,1
DA:70,1
DA:71,4
DA:74,1
DA:75,1
DA:76,1
DA:78,4
DA:84,1
DA:90,4
DA:91,3
DA:103,1
DA:104,1
DA:105,1
DA:106,1
DA:111,1
DA:112,3
DA:113,4
DA:114,3
DA:125,1
DA:126,1
DA:128,1
DA:130,1
DA:131,1
DA:134,3
DA:137,1
DA:139,3
LF:50
LH:50
end_of_record
SF:lib\screens\legal\privacy_policy_screen.dart
DA:5,3
DA:7,1
DA:9,1
DA:10,1
DA:13,1
DA:15,1
DA:17,1
DA:19,1
DA:21,1
DA:22,1
DA:23,1
DA:24,2
DA:26,1
DA:27,1
DA:28,2
DA:30,1
DA:31,1
DA:34,3
DA:43,1
DA:52,1
DA:60,1
DA:67,1
DA:74,1
DA:83,1
DA:92,1
DA:93,3
DA:94,4
DA:95,3
DA:106,1
DA:107,1
DA:109,1
DA:111,1
DA:112,1
DA:114,4
DA:119,1
DA:121,4
DA:122,3
DA:131,1
DA:132,4
LF:39
LH:39
end_of_record
SF:lib\screens\legal\terms_screen.dart
DA:5,3
DA:7,1
DA:9,1
DA:10,1
DA:13,1
DA:15,1
DA:17,1
DA:19,1
DA:21,1
DA:22,1
DA:23,1
DA:24,2
DA:26,1
DA:27,1
DA:28,2
DA:30,1
DA:31,1
DA:34,3
DA:43,1
DA:50,1
DA:58,1
DA:65,1
DA:72,1
DA:80,1
DA:87,1
DA:96,1
DA:97,3
DA:98,4
DA:99,3
DA:110,1
DA:111,1
DA:113,1
DA:115,1
DA:116,1
DA:118,4
DA:123,1
DA:125,4
DA:126,3
DA:135,1
DA:136,4
LF:40
LH:40
end_of_record
SF:lib\screens\wallets\wallets_screen.dart
DA:17,3
DA:19,2
DA:21,4
DA:22,4
DA:24,2
DA:25,2
DA:26,2
DA:27,2
DA:28,2
DA:29,2
DA:30,2
DA:31,4
DA:32,0
DA:33,2
DA:34,2
DA:35,0
DA:41,2
DA:43,2
DA:44,2
DA:46,0
DA:50,2
DA:52,0
DA:54,0
DA:63,2
DA:64,2
DA:65,2
DA:67,2
DA:68,2
DA:69,2
DA:70,2
DA:71,2
DA:73,8
DA:75,2
DA:77,8
DA:84,2
DA:86,2
DA:87,2
DA:88,2
DA:90,2
DA:91,2
DA:93,8
DA:94,6
DA:98,2
DA:99,4
DA:100,2
DA:101,8
DA:103,6
DA:106,2
DA:107,0
DA:119,0
DA:120,0
DA:121,0
DA:123,0
DA:124,0
DA:126,0
DA:128,0
DA:129,0
DA:131,0
DA:132,0
DA:133,0
DA:139,2
DA:140,2
DA:142,2
DA:143,0
DA:144,2
DA:145,2
DA:146,2
DA:151,0
DA:152,0
DA:156,0
DA:160,0
DA:161,0
DA:162,0
DA:174,2
DA:176,2
DA:178,6
DA:180,2
DA:182,2
DA:183,2
DA:186,2
DA:187,2
DA:188,2
DA:190,10
DA:192,6
DA:194,6
DA:195,2
DA:196,4
DA:197,2
DA:200,6
DA:203,0
DA:205,0
DA:206,0
LF:92
LH:65
end_of_record
SF:lib\screens\transactions\transactions_screen.dart
DA:19,3
DA:21,2
DA:22,2
DA:31,2
DA:33,4
DA:34,2
DA:37,2
DA:39,6
DA:40,6
DA:41,6
DA:43,2
DA:44,2
DA:45,2
DA:46,2
DA:47,2
DA:48,2
DA:49,4
DA:50,2
DA:51,2
DA:52,2
DA:53,2
DA:54,2
DA:55,2
DA:56,2
DA:57,2
DA:59,2
DA:60,0
DA:61,0
DA:62,0
DA:63,0
DA:65,0
DA:68,0
DA:70,0
DA:71,0
DA:72,0
DA:73,0
DA:74,0
DA:77,2
DA:78,2
DA:79,2
DA:81,2
DA:85,0
DA:87,0
DA:88,0
DA:90,0
DA:91,0
DA:92,0
DA:93,0
DA:96,0
DA:97,0
DA:98,0
DA:99,0
DA:103,0
DA:109,2
DA:110,0
DA:116,2
DA:118,2
DA:119,2
DA:121,0
DA:126,2
DA:128,2
DA:136,2
DA:137,2
DA:139,2
DA:140,2
DA:141,2
DA:142,2
DA:144,0
DA:146,2
DA:147,0
DA:148,0
DA:149,0
DA:155,0
DA:159,2
DA:160,2
DA:161,2
DA:162,2
DA:163,2
DA:164,2
DA:166,2
DA:167,4
DA:168,0
DA:169,0
DA:170,0
DA:173,2
DA:174,2
DA:175,4
DA:178,2
DA:185,2
DA:186,2
DA:187,2
DA:189,2
DA:191,2
DA:192,2
DA:194,0
DA:195,0
DA:196,0
DA:199,6
DA:200,2
DA:201,2
DA:202,2
DA:203,2
DA:204,2
DA:206,0
DA:207,0
DA:208,0
DA:216,0
DA:217,0
DA:218,0
DA:219,0
DA:220,0
DA:221,0
DA:222,0
DA:224,0
DA:225,0
DA:228,0
DA:231,0
DA:232,0
DA:233,0
DA:245,0
DA:247,0
DA:248,0
DA:250,0
DA:251,0
DA:252,0
DA:254,0
DA:256,0
DA:257,0
DA:258,0
DA:259,0
DA:262,0
DA:263,0
DA:264,0
DA:272,0
DA:274,0
DA:275,0
DA:277,0
DA:279,0
DA:280,0
DA:281,0
DA:282,0
DA:283,0
DA:284,0
DA:285,0
DA:286,0
DA:289,0
DA:295,2
DA:296,2
DA:298,12
DA:300,2
DA:301,0
DA:302,0
DA:303,2
DA:306,2
DA:311,4
DA:312,0
DA:314,4
DA:316,0
DA:317,0
DA:318,0
DA:319,0
DA:321,4
DA:323,0
DA:324,0
DA:325,0
DA:327,4
DA:329,0
DA:330,0
DA:331,0
DA:332,0
DA:333,0
DA:334,0
DA:339,2
DA:340,2
DA:341,2
DA:342,2
DA:343,2
DA:344,2
DA:345,0
DA:346,0
DA:351,2
DA:352,2
DA:353,0
DA:355,2
DA:356,0
DA:357,0
DA:362,2
DA:364,2
DA:365,0
DA:366,0
DA:371,0
DA:372,0
DA:373,0
DA:376,0
DA:377,0
DA:378,0
DA:379,0
DA:380,0
DA:383,0
DA:387,0
DA:388,0
DA:389,0
DA:390,0
DA:395,0
DA:396,0
DA:397,0
DA:398,0
DA:399,0
DA:402,0
DA:406,0
DA:407,0
DA:408,0
DA:411,0
DA:412,0
DA:413,0
DA:414,0
DA:415,0
DA:416,0
DA:417,0
DA:424,0
DA:425,0
DA:426,0
DA:429,0
DA:433,0
DA:434,0
DA:435,0
DA:450,0
DA:454,0
DA:456,0
DA:457,0
DA:458,0
DA:459,0
DA:460,0
DA:461,0
DA:462,0
DA:463,0
DA:467,0
DA:468,0
DA:470,0
DA:471,0
DA:473,0
DA:474,0
DA:475,0
DA:477,0
DA:479,0
DA:480,0
DA:481,0
DA:487,0
DA:488,0
DA:489,0
DA:490,0
DA:492,0
DA:494,0
DA:495,0
DA:496,0
LF:255
LH:88
end_of_record
SF:lib\widgets\app_drawer.dart
DA:25,3
DA:27,2
DA:29,4
DA:30,4
DA:31,4
DA:32,4
DA:33,4
DA:34,4
DA:35,2
DA:37,2
DA:38,2
DA:39,2
DA:40,2
DA:41,4
DA:43,0
DA:44,0
DA:49,0
DA:50,0
DA:51,0
DA:53,0
DA:54,0
DA:55,0
DA:59,2
DA:60,2
DA:64,0
DA:65,0
DA:66,0
DA:71,2
DA:72,2
DA:74,2
DA:76,2
DA:78,2
DA:79,0
DA:82,2
DA:83,2
DA:86,0
DA:88,2
DA:91,0
DA:94,2
DA:95,2
DA:98,0
DA:100,2
DA:103,0
DA:105,2
DA:108,0
DA:111,2
DA:112,2
DA:116,0
DA:118,2
DA:121,0
DA:123,2
DA:126,0
DA:128,2
DA:130,2
DA:133,2
DA:134,0
DA:146,2
DA:147,2
DA:149,2
DA:150,2
DA:151,2
DA:153,2
DA:158,2
DA:159,2
DA:161,2
DA:162,2
DA:163,8
DA:166,2
DA:168,8
DA:170,0
DA:171,6
DA:181,2
DA:182,2
DA:184,2
DA:185,8
DA:186,6
DA:192,0
DA:193,0
DA:194,0
DA:204,2
DA:211,2
DA:213,2
DA:215,10
DA:216,4
DA:217,2
DA:218,10
DA:220,2
DA:233,0
DA:242,0
DA:243,0
DA:244,0
DA:245,0
DA:246,0
DA:247,0
DA:248,0
DA:250,0
DA:252,0
DA:257,0
DA:258,0
DA:259,0
DA:261,0
DA:263,0
DA:265,0
DA:270,0
DA:271,0
DA:272,0
DA:273,0
DA:274,0
DA:275,0
DA:278,0
DA:280,0
DA:282,0
DA:284,0
DA:285,0
DA:286,0
DA:287,0
DA:289,0
DA:290,0
DA:292,0
DA:293,0
DA:294,0
DA:296,0
DA:297,0
DA:301,0
DA:302,0
DA:304,0
DA:305,0
DA:306,0
DA:308,0
DA:314,0
DA:315,0
DA:316,0
DA:317,0
DA:319,0
DA:320,0
DA:323,0
DA:330,0
DA:332,0
DA:333,0
DA:336,0
LF:140
LH:62
end_of_record
SF:lib\screens\premium\premium_screen.dart
DA:12,3
DA:14,1
DA:15,1
DA:22,1
DA:24,3
DA:26,1
DA:28,0
DA:29,1
DA:30,1
DA:31,1
DA:32,1
DA:33,1
DA:38,0
DA:39,0
DA:40,0
DA:41,0
DA:42,0
DA:46,0
DA:48,0
DA:49,0
DA:50,0
DA:51,0
DA:55,0
DA:56,0
DA:59,0
DA:63,0
DA:64,0
DA:65,0
DA:66,0
DA:67,0
DA:68,0
DA:71,0
DA:72,0
DA:73,0
DA:76,0
DA:77,0
DA:79,0
DA:83,0
DA:84,0
DA:85,0
DA:86,0
DA:90,0
DA:92,0
DA:93,0
DA:94,0
DA:95,0
DA:96,0
DA:97,0
DA:103,0
DA:104,0
DA:106,0
DA:110,0
DA:111,0
DA:113,0
DA:115,0
DA:121,0
DA:122,0
DA:123,0
DA:127,0
DA:128,0
DA:129,0
DA:130,0
DA:131,0
DA:140,0
DA:141,0
DA:143,0
DA:145,0
DA:146,0
DA:147,0
DA:148,0
DA:163,1
DA:170,1
DA:172,1
DA:173,1
DA:174,1
DA:177,1
DA:178,1
DA:179,2
DA:183,1
DA:184,1
DA:185,1
DA:187,1
DA:189,1
DA:190,1
DA:191,1
DA:192,0
DA:199,1
DA:200,1
DA:202,1
DA:203,1
DA:207,1
DA:209,1
DA:210,1
DA:211,3
DA:213,1
DA:214,1
DA:215,1
DA:216,1
DA:243,1
DA:246,4
DA:254,1
DA:257,4
DA:258,3
DA:265,1
DA:270,1
DA:275,1
DA:280,1
DA:286,1
DA:292,1
DA:302,1
DA:311,1
DA:313,1
DA:314,3
DA:315,1
DA:316,1
DA:317,1
DA:323,1
DA:324,1
DA:325,1
DA:328,1
DA:329,3
DA:330,1
DA:331,1
DA:333,1
DA:334,1
DA:337,1
DA:339,1
DA:352,1
DA:353,3
DA:354,1
DA:360,1
DA:362,1
DA:363,3
DA:383,1
DA:390,1
DA:392,1
DA:394,1
DA:396,1
DA:397,1
DA:399,1
DA:400,1
DA:401,1
DA:403,3
DA:406,1
DA:407,1
DA:409,1
DA:410,1
DA:411,1
DA:412,1
DA:413,1
DA:414,4
DA:418,2
DA:420,1
DA:422,1
DA:423,3
DA:424,1
DA:426,1
DA:428,1
DA:430,3
DA:438,1
DA:439,1
DA:440,4
DA:441,3
DA:454,1
DA:456,1
DA:458,1
DA:459,3
DA:460,1
DA:461,1
DA:462,4
DA:465,1
DA:466,1
DA:467,1
DA:469,4
DA:474,1
DA:475,1
DA:476,1
DA:477,1
DA:478,1
DA:479,1
DA:480,1
DA:481,1
DA:493,1
DA:499,1
DA:501,1
DA:503,1
DA:504,1
DA:505,1
DA:507,1
DA:508,1
DA:509,3
DA:512,1
DA:513,1
DA:514,1
DA:515,1
DA:516,1
DA:521,1
DA:522,1
DA:523,1
DA:524,1
DA:525,2
DA:537,0
DA:539,0
DA:540,0
DA:542,0
DA:543,0
DA:544,0
DA:545,0
DA:546,0
DA:547,0
DA:553,0
DA:555,0
DA:556,0
DA:557,0
DA:560,0
DA:561,0
DA:562,0
DA:571,0
DA:573,0
DA:578,0
DA:581,0
DA:582,0
DA:586,0
DA:588,0
DA:589,0
LF:225
LH:141
end_of_record
SF:lib\screens\recurring\manage_recurring_screen.dart
DA:11,3
DA:13,0
DA:15,0
DA:17,0
DA:18,0
DA:19,0
DA:20,0
DA:21,0
DA:22,0
DA:23,0
DA:24,0
DA:26,0
DA:27,0
DA:33,0
DA:34,0
DA:35,0
DA:37,0
DA:38,0
DA:40,0
DA:41,0
DA:43,0
DA:44,0
DA:53,0
DA:55,0
DA:57,0
[...]
DA:27,0
DA:31,0
DA:33,0
DA:34,0
DA:36,0
DA:37,0
DA:38,0
DA:40,0
DA:41,0
DA:42,0
DA:44,0
DA:45,0
DA:46,0
DA:47,0
DA:48,0
DA:49,0
DA:50,0
DA:52,0
DA:53,0
DA:54,0
DA:55,0
DA:56,0
DA:57,0
DA:59,0
DA:60,0
DA:61,0
DA:62,0
DA:63,0
DA:64,0
DA:68,0
DA:69,0
DA:70,0
DA:71,0
DA:72,0
DA:73,0
DA:75,0
DA:76,0
DA:77,0
DA:78,0
DA:79,0
DA:80,0
DA:82,0
DA:83,0
DA:84,0
DA:85,0
DA:86,0
DA:90,0
DA:91,0
DA:92,0
DA:93,0
DA:94,0
DA:95,0
DA:97,0
DA:98,0
DA:99,0
DA:100,0
DA:101,0
DA:103,0
DA:104,0
DA:105,0
DA:106,0
DA:107,0
DA:108,0
DA:112,0
DA:113,0
DA:114,0
DA:115,0
DA:116,0
DA:117,0
DA:118,0
DA:122,0
DA:123,0
DA:124,0
DA:125,0
DA:126,0
DA:127,0
DA:128,0
DA:129,0
DA:130,0
DA:131,0
DA:133,0
DA:134,0
DA:135,0
DA:136,0
DA:137,0
DA:138,0
DA:139,0
DA:140,0
DA:142,0
DA:149,0
DA:150,0
DA:151,0
DA:152,0
DA:153,0
DA:154,0
DA:155,0
DA:156,0
DA:157,0
DA:158,0
DA:160,0
DA:162,0
DA:163,0
DA:165,0
DA:167,0
DA:168,0
DA:169,0
DA:170,0
DA:171,0
DA:173,0
DA:176,0
DA:178,0
DA:180,0
DA:181,0
DA:182,0
DA:183,0
DA:184,0
DA:193,0
DA:195,0
DA:197,0
DA:198,0
DA:209,0
DA:210,0
DA:211,0
DA:212,0
DA:213,0
DA:214,0
DA:215,0
DA:216,0
DA:218,0
DA:220,0
DA:221,0
DA:223,0
DA:225,0
DA:231,0
DA:232,0
DA:233,0
DA:235,0
DA:236,0
DA:238,0
DA:239,0
DA:240,0
DA:244,0
DA:245,0
DA:246,0
DA:248,0
DA:249,0
DA:250,0
DA:252,0
DA:254,0
DA:255,0
DA:261,0
DA:262,0
DA:263,0
DA:265,0
DA:266,0
DA:268,0
DA:269,0
DA:275,0
DA:276,0
DA:278,0
DA:279,0
DA:280,0
DA:281,0
DA:282,0
DA:283,0
DA:284,0
DA:285,0
DA:286,0
DA:288,0
DA:289,0
DA:290,0
DA:292,0
DA:293,0
DA:294,0
DA:295,0
DA:296,0
DA:303,0
DA:304,0
DA:305,0
DA:308,0
DA:309,0
DA:310,0
DA:313,0
DA:314,0
DA:315,0
DA:318,0
DA:321,0
DA:323,0
DA:325,0
DA:327,0
DA:328,0
DA:330,0
DA:331,0
DA:335,0
DA:336,0
DA:337,0
DA:340,0
DA:341,0
DA:344,0
DA:345,0
DA:346,0
DA:347,0
DA:350,0
DA:351,0
DA:352,0
DA:354,0
DA:355,0
DA:356,0
DA:357,0
DA:358,0
DA:360,0
DA:364,0
DA:365,0
DA:366,0
DA:368,0
DA:370,0
DA:372,0
DA:373,0
DA:374,0
DA:375,0
DA:376,0
DA:382,0
DA:383,0
DA:384,0
DA:387,0
DA:388,0
DA:394,0
DA:395,0
DA:396,0
DA:404,0
DA:405,0
DA:406,0
DA:407,0
DA:409,0
DA:411,0
DA:413,0
DA:414,0
DA:415,0
DA:416,0
DA:417,0
DA:418,0
DA:419,0
DA:420,0
DA:424,0
DA:430,0
DA:431,0
DA:432,0
DA:433,0
DA:436,0
DA:437,0
DA:438,0
DA:439,0
DA:442,0
DA:444,0
DA:448,0
DA:449,0
DA:450,0
DA:453,0
DA:454,0
DA:455,0
DA:456,0
DA:457,0
DA:458,0
DA:461,0
DA:467,0
DA:468,0
DA:469,0
DA:472,0
DA:474,0
DA:475,0
DA:480,0
DA:481,0
DA:483,0
DA:484,0
DA:486,0
DA:487,0
DA:488,0
DA:489,0
DA:490,0
DA:493,0
DA:494,0
DA:495,0
DA:496,0
DA:497,0
DA:499,0
DA:511,0
DA:512,0
DA:515,0
DA:516,0
DA:517,0
DA:518,0
DA:519,0
DA:520,0
DA:521,0
DA:523,0
LF:297
LH:1
end_of_record
SF:lib\utils\app_localizations.dart
DA:7,4
DA:9,3
DA:10,3
DA:11,2
DA:373,4
DA:374,16
DA:375,0
DA:380,2
DA:381,0
DA:382,0
DA:383,0
DA:384,8
DA:385,0
DA:386,0
DA:387,0
DA:388,0
DA:389,0
DA:390,0
DA:391,0
DA:392,0
DA:393,0
DA:394,0
DA:395,0
DA:396,0
DA:397,0
DA:398,0
DA:399,0
DA:400,0
DA:401,0
DA:402,0
DA:403,0
DA:404,0
DA:405,0
DA:407,0
DA:408,0
DA:409,0
DA:410,0
DA:411,0
DA:412,0
DA:414,0
DA:421,1
DA:422,1
DA:424,0
DA:425,0
DA:426,0
DA:431,3
DA:437,1
DA:439,2
DA:440,0
DA:444,1
DA:446,1
DA:449,0
LF:52
LH:15
end_of_record
SF:lib\widgets\app_lock_gate.dart
DA:13,0
DA:14,0
DA:15,0
DA:18,0
DA:19,0
DA:20,0
DA:23,0
DA:24,0
DA:25,0
DA:28,0
DA:29,0
DA:30,0
DA:34,0
DA:36,0
DA:37,0
DA:38,0
DA:41,0
DA:43,0
DA:44,0
DA:45,0
DA:51,0
DA:53,0
DA:54,0
DA:62,0
DA:64,0
DA:65,0
DA:66,0
DA:69,0
DA:71,0
DA:72,0
DA:75,0
DA:77,0
DA:78,0
DA:79,0
DA:80,0
DA:81,0
DA:85,0
DA:86,0
DA:87,0
DA:88,0
DA:91,0
DA:93,0
DA:96,0
DA:98,0
DA:99,0
DA:100,0
DA:101,0
DA:106,0
DA:107,0
DA:110,0
DA:112,0
DA:113,0
DA:120,0
DA:122,0
DA:123,0
DA:133,0
DA:135,0
DA:136,0
DA:139,0
DA:141,0
DA:142,0
DA:143,0
DA:144,0
DA:145,0
DA:146,0
DA:150,0
DA:155,0
DA:156,0
DA:157,0
DA:158,0
DA:159,0
DA:161,0
DA:164,0
DA:165,0
DA:166,0
DA:169,0
DA:170,0
DA:171,0
DA:172,0
DA:173,0
DA:174,0
DA:175,0
DA:177,0
DA:180,0
DA:183,0
DA:185,0
DA:186,0
DA:187,0
DA:189,0
DA:192,0
DA:194,0
DA:196,0
DA:198,0
DA:200,0
DA:201,0
DA:203,0
DA:204,0
DA:205,0
DA:209,0
DA:212,0
DA:214,0
DA:215,0
DA:222,0
DA:223,0
DA:224,0
DA:226,0
DA:228,0
DA:231,0
DA:238,0
DA:239,0
DA:241,0
DA:242,0
DA:243,0
DA:245,0
DA:248,0
DA:250,0
DA:253,0
DA:255,0
DA:258,0
DA:260,0
DA:262,0
DA:263,0
DA:265,0
DA:274,0
DA:275,0
DA:278,0
DA:279,0
DA:280,0
DA:284,0
LF:129
LH:0
end_of_record
SF:lib\widgets\pin_setup_dialog.dart
DA:10,3
DA:16,0
DA:17,0
DA:20,0
DA:24,0
DA:25,0
DA:35,0
DA:36,0
DA:37,0
DA:38,0
DA:39,0
DA:41,0
DA:44,0
DA:45,0
DA:46,0
DA:49,0
DA:50,0
DA:51,0
DA:52,0
DA:53,0
DA:54,0
DA:55,0
DA:58,0
DA:59,0
DA:60,0
DA:61,0
DA:63,0
DA:65,0
DA:70,0
DA:72,0
DA:73,0
DA:74,0
DA:75,0
DA:77,0
DA:78,0
DA:79,0
DA:81,0
DA:82,0
DA:83,0
DA:86,0
DA:88,0
DA:89,0
DA:90,0
DA:94,0
DA:97,0
DA:99,0
DA:100,0
DA:107,0
DA:108,0
DA:111,0
DA:112,0
DA:113,0
DA:120,0
DA:121,0
DA:123,0
DA:124,0
DA:126,0
DA:129,0
DA:131,0
DA:134,0
DA:136,0
DA:139,0
DA:141,0
DA:143,0
DA:144,0
DA:146,0
DA:154,0
DA:155,0
DA:158,0
DA:159,0
DA:160,0
DA:161,0
DA:162,0
DA:165,0
LF:74
LH:1
end_of_record
SF:lib\widgets\currency_picker.dart
DA:12,0
DA:20,0
DA:22,0
DA:23,0
DA:24,0
DA:25,0
DA:26,0
DA:37,0
DA:44,0
DA:45,0
DA:51,0
DA:52,0
DA:55,0
DA:56,0
DA:58,0
DA:59,0
DA:60,0
DA:61,0
DA:64,0
DA:66,0
DA:67,0
DA:69,0
DA:70,0
DA:71,0
DA:73,0
DA:74,0
DA:75,0
DA:80,0
DA:82,0
DA:88,0
DA:92,0
DA:93,0
DA:94,0
DA:95,0
DA:96,0
DA:97,0
DA:99,0
DA:100,0
DA:101,0
DA:103,0
DA:104,0
DA:105,0
DA:106,0
DA:107,0
DA:113,0
DA:114,0
DA:117,0
DA:118,0
DA:119,0
LF:49
LH:0
end_of_record
SF:lib\screens\transactions\transaction_filter_sheet.dart
DA:19,3
DA:27,2
DA:28,2
DA:29,2
DA:30,2
DA:31,2
DA:32,2
DA:34,0
DA:45,0
DA:46,0
DA:47,0
DA:48,0
DA:49,0
DA:50,0
DA:57,0
DA:62,0
DA:67,0
DA:72,0
DA:73,0
DA:83,0
DA:89,0
DA:90,0
DA:96,0
DA:98,0
DA:99,0
DA:102,0
DA:104,0
DA:105,0
DA:107,0
DA:108,0
DA:110,0
DA:111,0
DA:112,0
DA:114,0
DA:115,0
DA:116,0
DA:120,0
DA:122,0
DA:123,0
DA:124,0
DA:125,0
DA:126,0
DA:127,0
DA:128,0
DA:129,0
DA:130,0
DA:136,0
DA:138,0
DA:140,0
DA:141,0
DA:142,0
DA:143,0
DA:144,0
DA:146,0
DA:147,0
DA:148,0
DA:149,0
DA:150,0
DA:151,0
DA:153,0
DA:154,0
DA:155,0
DA:156,0
DA:157,0
DA:158,0
DA:160,0
DA:161,0
DA:162,0
DA:163,0
DA:167,0
DA:169,0
DA:172,0
DA:173,0
DA:174,0
DA:175,0
DA:176,0
DA:177,0
DA:178,0
DA:179,0
DA:180,0
DA:181,0
DA:182,0
DA:183,0
DA:187,0
DA:189,0
DA:192,0
DA:193,0
DA:194,0
DA:195,0
DA:196,0
DA:197,0
DA:198,0
DA:199,0
DA:200,0
DA:201,0
DA:202,0
DA:203,0
DA:207,0
DA:209,0
DA:211,0
DA:212,0
DA:213,0
DA:214,0
DA:215,0
DA:216,0
DA:217,0
DA:218,0
DA:219,0
DA:220,0
DA:221,0
DA:223,0
DA:224,0
DA:225,0
DA:226,0
DA:227,0
DA:228,0
DA:229,0
DA:230,0
DA:231,0
DA:233,0
DA:234,0
DA:235,0
DA:236,0
DA:237,0
DA:238,0
DA:239,0
DA:240,0
DA:242,0
DA:244,0
DA:249,0
DA:251,0
DA:252,0
DA:253,0
DA:254,0
DA:255,0
DA:265,0
DA:266,0
DA:267,0
DA:268,0
DA:269,0
DA:270,0
DA:273,0
DA:274,0
DA:275,0
DA:276,0
DA:277,0
DA:278,0
DA:281,0
DA:282,0
DA:283,0
DA:284,0
DA:287,0
DA:288,0
DA:289,0
DA:291,0
DA:295,0
DA:296,0
DA:298,0
DA:299,0
DA:300,0
DA:301,0
DA:302,0
DA:305,0
DA:306,0
DA:307,0
DA:308,0
DA:309,0
DA:310,0
LF:168
LH:7
end_of_record
SF:lib\widgets\add_transaction_bottom_sheet.dart
DA:32,3
DA:43,0
DA:44,0
DA:73,0
DA:75,0
DA:76,0
DA:77,0
DA:78,0
DA:79,0
DA:80,0
DA:81,0
DA:83,0
DA:84,0
DA:85,0
DA:87,0
DA:88,0
DA:90,0
DA:91,0
DA:94,0
DA:97,0
DA:98,0
DA:99,0
DA:100,0
DA:101,0
DA:102,0
DA:103,0
DA:104,0
DA:110,0
DA:111,0
DA:112,0
DA:113,0
DA:114,0
DA:115,0
DA:116,0
DA:118,0
DA:119,0
DA:120,0
DA:124,0
DA:126,0
DA:127,0
DA:128,0
DA:129,0
DA:130,0
DA:133,0
DA:134,0
DA:135,0
DA:136,0
DA:137,0
DA:138,0
DA:139,0
DA:140,0
DA:141,0
DA:142,0
DA:144,0
DA:145,0
DA:146,0
DA:147,0
DA:148,0
DA:149,0
DA:152,0
DA:153,0
DA:154,0
DA:160,0
DA:162,0
DA:163,0
DA:164,0
DA:165,0
DA:166,0
DA:167,0
DA:169,0
DA:171,0
DA:173,0
DA:174,0
DA:175,0
DA:177,0
DA:178,0
DA:183,0
DA:184,0
DA:186,0
DA:187,0
DA:193,0
DA:195,0
DA:197,0
DA:200,0
DA:203,0
DA:204,0
DA:206,0
DA:207,0
DA:209,0
DA:211,0
DA:216,0
DA:221,0
DA:223,0
DA:225,0
DA:228,0
DA:231,0
DA:233,0
DA:236,0
DA:238,0
DA:241,0
DA:243,0
DA:246,0
DA:248,0
DA:258,0
DA:259,0
DA:263,0
DA:264,0
DA:265,0
DA:270,0
DA:271,0
DA:273,0
DA:274,0
DA:275,0
DA:277,0
DA:282,0
DA:283,0
DA:284,0
DA:285,0
DA:287,0
DA:288,0
DA:289,0
DA:291,0
DA:295,0
DA:309,0
DA:310,0
DA:312,0
DA:313,0
DA:315,0
DA:320,0
DA:322,0
DA:323,0
DA:324,0
DA:325,0
DA:327,0
DA:328,0
DA:329,0
DA:330,0
DA:331,0
DA:334,0
DA:338,0
DA:346,0
DA:347,0
DA:348,0
DA:349,0
DA:350,0
DA:351,0
DA:352,0
DA:353,0
DA:357,0
DA:358,0
DA:359,0
DA:360,0
DA:361,0
DA:365,0
DA:366,0
DA:367,0
DA:368,0
DA:369,0
DA:373,0
DA:374,0
DA:375,0
DA:376,0
DA:377,0
DA:384,0
DA:385,0
DA:386,0
DA:388,0
DA:390,0
DA:391,0
DA:392,0
DA:393,0
DA:394,0
DA:397,0
DA:399,0
DA:412,0
DA:413,0
DA:414,0
DA:415,0
DA:416,0
DA:417,0
DA:418,0
DA:419,0
DA:421,0
DA:428,0
DA:429,0
DA:430,0
DA:431,0
DA:432,0
DA:433,0
DA:434,0
DA:435,0
DA:436,0
DA:439,0
DA:441,0
DA:442,0
DA:443,0
DA:444,0
DA:449,0
DA:451,0
DA:452,0
DA:453,0
DA:458,0
DA:459,0
DA:460,0
DA:465,0
DA:467,0
DA:469,0
DA:470,0
DA:471,0
DA:473,0
DA:475,0
DA:478,0
DA:489,0
DA:490,0
DA:492,0
DA:493,0
DA:495,0
DA:500,0
DA:501,0
DA:503,0
DA:504,0
DA:505,0
DA:507,0
DA:508,0
DA:509,0
DA:513,0
DA:516,0
DA:522,0
DA:523,0
DA:525,0
DA:526,0
DA:527,0
DA:528,0
DA:533,0
DA:534,0
DA:535,0
DA:542,0
DA:543,0
DA:545,0
DA:547,0
DA:548,0
DA:550,0
DA:555,0
DA:556,0
DA:557,0
DA:564,0
DA:565,0
DA:568,0
DA:569,0
DA:570,0
DA:572,0
DA:573,0
DA:574,0
DA:576,0
DA:577,0
DA:578,0
DA:579,0
DA:584,0
DA:585,0
DA:586,0
DA:587,0
DA:592,0
DA:593,0
DA:594,0
DA:600,0
DA:601,0
DA:602,0
DA:603,0
DA:611,0
DA:615,0
DA:616,0
DA:618,0
DA:619,0
DA:621,0
DA:626,0
DA:627,0
DA:628,0
DA:629,0
DA:631,0
DA:632,0
DA:633,0
DA:635,0
DA:636,0
DA:640,0
DA:643,0
DA:649,0
DA:650,0
DA:652,0
DA:653,0
DA:655,0
DA:660,0
DA:661,0
DA:662,0
DA:664,0
DA:665,0
DA:666,0
DA:667,0
DA:669,0
DA:670,0
DA:673,0
DA:674,0
DA:678,0
DA:687,0
DA:688,0
DA:689,0
DA:690,0
DA:691,0
DA:692,0
DA:694,0
DA:696,0
DA:697,0
DA:698,0
DA:699,0
DA:702,0
DA:703,0
DA:707,0
DA:713,0
DA:714,0
DA:724,0
DA:725,0
DA:727,0
DA:728,0
DA:730,0
DA:731,0
DA:732,0
DA:733,0
DA:734,0
DA:736,0
DA:737,0
DA:739,0
DA:741,0
DA:742,0
DA:743,0
DA:744,0
DA:745,0
DA:746,0
DA:748,0
DA:751,0
DA:753,0
DA:754,0
DA:755,0
DA:759,0
DA:761,0
DA:762,0
DA:763,0
DA:765,0
DA:769,0
DA:770,0
DA:771,0
DA:782,0
DA:783,0
DA:784,0
DA:786,0
DA:788,0
DA:793,0
DA:794,0
DA:797,0
DA:800,0
DA:803,0
DA:806,0
DA:807,0
DA:809,0
DA:811,0
DA:812,0
DA:816,0
DA:819,0
DA:820,0
DA:826,0
DA:827,0
DA:828,0
DA:829,0
DA:830,0
DA:831,0
DA:835,0
DA:837,0
DA:838,0
DA:839,0
DA:843,0
DA:844,0
DA:845,0
DA:846,0
DA:847,0
DA:848,0
DA:849,0
DA:856,0
DA:857,0
DA:858,0
DA:861,0
DA:862,0
DA:865,0
DA:867,0
DA:868,0
DA:872,0
DA:873,0
DA:874,0
DA:878,0
DA:881,0
DA:882,0
DA:884,0
DA:887,0
DA:889,0
DA:890,0
DA:891,0
DA:892,0
DA:893,0
DA:894,0
DA:895,0
DA:896,0
DA:898,0
DA:901,0
DA:902,0
DA:904,0
DA:906,0
DA:907,0
DA:908,0
DA:909,0
DA:913,0
DA:914,0
DA:915,0
DA:917,0
DA:920,0
DA:922,0
DA:924,0
DA:925,0
DA:926,0
DA:927,0
DA:928,0
DA:935,0
DA:938,0
DA:940,0
DA:941,0
DA:948,0
DA:950,0
DA:951,0
DA:952,0
DA:958,0
DA:959,0
DA:960,0
DA:961,0
DA:967,0
DA:969,0
DA:970,0
DA:971,0
DA:972,0
DA:973,0
DA:974,0
DA:975,0
DA:976,0
DA:977,0
DA:978,0
DA:979,0
DA:983,0
DA:985,0
LF:453
LH:1
end_of_record
SF:lib\screens\wallets\add_edit_wallet_screen.dart
DA:13,3
DA:15,0
DA:17,0
DA:28,0
DA:30,0
DA:31,0
DA:32,0
DA:33,0
DA:34,0
DA:36,0
DA:37,0
DA:40,0
DA:42,0
DA:43,0
DA:44,0
DA:47,0
DA:49,0
DA:50,0
DA:51,0
DA:52,0
DA:53,0
DA:54,0
DA:55,0
DA:60,0
DA:61,0
DA:62,0
DA:64,0
DA:65,0
DA:66,0
DA:72,0
DA:73,0
DA:77,0
DA:78,0
DA:83,0
DA:84,0
DA:86,0
DA:88,0
DA:89,0
DA:91,0
DA:92,0
DA:93,0
DA:95,0
DA:96,0
DA:101,0
DA:102,0
DA:105,0
DA:106,0
DA:107,0
DA:109,0
DA:112,0
DA:113,0
DA:121,0
DA:122,0
DA:123,0
DA:133,0
DA:134,0
DA:135,0
DA:136,0
DA:139,0
DA:140,0
DA:141,0
DA:142,0
DA:146,0
DA:148,0
DA:149,0
DA:150,0
DA:151,0
DA:153,0
DA:154,0
DA:155,0
DA:161,0
DA:163,0
DA:165,0
DA:167,0
DA:169,0
DA:171,0
DA:173,0
DA:175,0
DA:180,0
DA:181,0
DA:182,0
DA:184,0
DA:185,0
DA:186,0
DA:187,0
DA:188,0
DA:190,0
DA:191,0
DA:192,0
DA:194,0
DA:196,0
DA:197,0
DA:199,0
DA:200,0
DA:203,0
DA:205,0
DA:207,0
DA:208,0
DA:209,0
DA:210,0
DA:211,0
DA:213,0
DA:216,0
DA:217,0
DA:218,0
DA:222,0
LF:106
LH:1
end_of_record
SF:lib\screens\wallets\wallet_detail_screen.dart
DA:16,0
DA:18,0
DA:20,0
DA:21,0
DA:23,0
DA:24,0
DA:26,0
DA:27,0
DA:31,0
DA:33,0
DA:34,0
DA:35,0
DA:36,0
DA:37,0
DA:39,0
DA:41,0
DA:44,0
DA:46,0
DA:50,0
DA:51,0
DA:52,0
DA:55,0
DA:56,0
DA:57,0
DA:59,0
DA:60,0
DA:61,0
DA:64,0
DA:65,0
DA:67,0
DA:68,0
DA:71,0
DA:72,0
DA:84,0
DA:86,0
DA:88,0
DA:89,0
DA:90,0
DA:91,0
DA:92,0
DA:96,0
DA:97,0
DA:98,0
DA:100,0
DA:102,0
DA:104,0
DA:105,0
DA:112,0
DA:113,0
DA:116,0
DA:117,0
DA:118,0
DA:123,0
DA:124,0
DA:125,0
DA:126,0
DA:132,0
DA:133,0
DA:134,0
DA:136,0
DA:138,0
DA:139,0
DA:140,0
DA:141,0
DA:142,0
DA:143,0
DA:149,0
DA:150,0
DA:151,0
DA:154,0
DA:155,0
DA:157,0
DA:159,0
DA:161,0
DA:162,0
DA:163,0
DA:164,0
LF:77
LH:0
end_of_record
SF:lib\widgets\wallet_reassignment_dialog.dart
DA:7,0
DA:13,0
DA:14,0
DA:17,0
DA:22,0
DA:24,0
DA:25,0
DA:27,0
DA:30,0
DA:31,0
DA:34,0
DA:35,0
DA:36,0
DA:37,0
DA:39,0
DA:40,0
DA:41,0
DA:48,0
DA:49,0
DA:50,0
DA:51,0
DA:54,0
DA:55,0
LF:23
LH:0
end_of_record
SF:lib\widgets\enhanced_transaction_list.dart
DA:38,0
DA:46,0
DA:47,0
DA:54,0
DA:56,0
DA:57,0
DA:58,0
DA:59,0
DA:60,0
DA:61,0
DA:63,0
DA:67,0
DA:68,0
DA:70,0
DA:71,0
DA:72,0
DA:73,0
DA:75,0
DA:76,0
DA:77,0
DA:78,0
DA:79,0
DA:80,0
DA:81,0
DA:83,0
DA:85,0
DA:86,0
DA:89,0
DA:91,0
DA:93,0
DA:94,0
DA:95,0
DA:96,0
DA:100,0
DA:101,0
DA:103,0
DA:104,0
DA:105,0
DA:106,0
DA:108,0
DA:109,0
DA:110,0
DA:112,0
DA:113,0
DA:115,0
DA:123,0
DA:124,0
DA:126,0
DA:128,0
DA:129,0
DA:131,0
DA:135,0
DA:136,0
DA:139,0
DA:148,0
DA:149,0
DA:152,0
DA:153,0
DA:154,0
DA:155,0
DA:157,0
DA:158,0
DA:160,0
DA:161,0
DA:162,0
DA:165,0
DA:167,0
DA:168,0
DA:173,0
DA:178,0
DA:179,0
DA:181,0
DA:184,0
DA:186,0
DA:187,0
DA:188,0
DA:189,0
DA:190,0
DA:191,0
DA:192,0
DA:193,0
DA:196,0
DA:198,0
DA:199,0
DA:200,0
DA:202,0
DA:205,0
DA:206,0
DA:207,0
DA:212,0
DA:213,0
DA:214,0
DA:215,0
DA:219,0
DA:220,0
DA:221,0
DA:223,0
DA:224,0
DA:225,0
DA:236,0
DA:241,0
DA:242,0
DA:243,0
DA:248,0
DA:252,0
DA:253,0
DA:254,0
DA:257,0
DA:260,0
DA:264,0
DA:265,0
DA:267,0
DA:269,0
DA:270,0
DA:271,0
DA:273,0
DA:274,0
DA:275,0
DA:276,0
DA:278,0
DA:279,0
DA:281,0
DA:283,0
DA:284,0
DA:285,0
DA:287,0
DA:288,0
DA:297,0
DA:298,0
DA:300,0
DA:301,0
DA:302,0
DA:303,0
DA:304,0
DA:305,0
DA:306,0
DA:313,0
DA:314,0
DA:315,0
DA:317,0
DA:323,0
DA:324,0
DA:325,0
DA:326,0
DA:328,0
DA:331,0
DA:332,0
DA:333,0
DA:334,0
DA:339,0
DA:340,0
DA:341,0
DA:342,0
DA:353,0
DA:354,0
DA:355,0
DA:357,0
DA:370,0
DA:371,0
DA:373,0
DA:374,0
DA:375,0
DA:378,0
DA:381,0
DA:383,0
DA:386,0
DA:390,0
DA:393,0
DA:394,0
DA:402,0
DA:403,0
DA:404,0
DA:405,0
DA:406,0
DA:407,0
DA:411,0
DA:412,0
DA:415,0
DA:416,0
DA:417,0
DA:418,0
DA:420,0
DA:421,0
DA:422,0
DA:423,0
DA:424,0
DA:426,0
DA:427,0
DA:428,0
DA:429,0
DA:431,0
DA:432,0
DA:433,0
DA:434,0
DA:436,0
DA:437,0
DA:439,0
DA:440,0
DA:442,0
DA:443,0
DA:447,0
DA:448,0
DA:454,0
DA:455,0
DA:457,0
DA:458,0
DA:459,0
DA:463,0
DA:464,0
DA:466,0
DA:469,0
DA:471,0
DA:473,0
DA:475,0
DA:477,0
DA:479,0
DA:481,0
DA:483,0
DA:485,0
DA:490,0
DA:491,0
DA:492,0
DA:493,0
DA:494,0
DA:496,0
DA:498,0
DA:501,0
DA:505,0
DA:506,0
DA:507,0
DA:508,0
DA:509,0
DA:510,0
DA:511,0
DA:516,0
DA:517,0
DA:519,0
DA:520,0
DA:521,0
DA:522,0
DA:523,0
DA:524,0
DA:528,0
DA:529,0
DA:532,0
DA:533,0
DA:534,0
DA:538,0
DA:539,0
DA:540,0
DA:541,0
DA:547,0
DA:548,0
DA:549,0
DA:553,0
DA:555,0
DA:557,0
DA:558,0
DA:561,0
DA:562,0
DA:563,0
DA:567,0
DA:570,0
DA:571,0
DA:572,0
DA:575,0
DA:578,0
DA:579,0
DA:580,0
DA:583,0
DA:586,0
DA:587,0
DA:588,0
DA:598,0
DA:599,0
DA:600,0
DA:601,0
DA:606,0
DA:607,0
DA:608,0
DA:611,0
DA:612,0
DA:613,0
DA:614,0
DA:615,0
DA:616,0
DA:617,0
DA:618,0
DA:623,0
DA:624,0
DA:625,0
DA:626,0
DA:628,0
DA:630,0
DA:631,0
DA:633,0
DA:634,0
DA:635,0
DA:638,0
DA:639,0
DA:640,0
DA:643,0
DA:644,0
DA:645,0
DA:646,0
DA:648,0
DA:649,0
DA:652,0
DA:653,0
DA:661,0
DA:662,0
DA:663,0
DA:664,0
DA:671,0
DA:679,0
DA:681,0
DA:682,0
DA:683,0
DA:686,0
DA:688,0
DA:690,0
DA:692,0
DA:694,0
DA:696,0
DA:698,0
DA:700,0
LF:326
LH:0
end_of_record
SF:lib\services\categorization\local_rule_engine.dart
DA:18,1
DA:23,2
DA:24,1
DA:25,1
DA:28,7
DA:29,1
DA:30,1
DA:32,2
DA:33,3
DA:34,1
DA:35,2
DA:36,0
DA:37,2
DA:38,2
DA:42,1
DA:44,2
DA:45,1
DA:46,2
DA:47,2
DA:48,2
DA:49,1
DA:54,1
DA:56,1
DA:57,5
DA:58,1
DA:61,1
DA:62,1
DA:65,1
DA:66,7
DA:67,1
DA:68,3
DA:71,1
DA:72,2
DA:73,1
LF:34
LH:33
end_of_record
SF:lib\utils\page_transitions.dart
DA:6,0
DA:7,0
DA:8,0
DA:11,0
DA:16,0
DA:17,0
DA:20,0
DA:21,0
DA:29,0
DA:30,0
DA:31,0
DA:33,0
DA:34,0
DA:43,0
DA:44,0
DA:45,0
DA:47,0
DA:50,0
DA:53,0
DA:58,0
DA:61,0
DA:66,0
DA:68,0
DA:78,0
DA:79,0
DA:80,0
DA:82,0
DA:87,0
DA:88,0
DA:91,0
DA:92,0
DA:106,0
DA:113,0
DA:114,0
DA:123,0
DA:125,0
DA:126,0
DA:131,0
DA:134,0
DA:135,0
DA:139,0
DA:142,0
DA:143,0
DA:148,0
DA:149,0
DA:150,0
DA:151,0
DA:152,0
DA:158,0
DA:160,0
DA:161,0
DA:164,0
DA:166,0
DA:167,0
DA:168,0
DA:169,0
DA:170,0
DA:171,0
DA:172,0
DA:173,0
DA:187,0
DA:194,0
DA:195,0
DA:203,0
DA:205,0
DA:206,0
DA:207,0
DA:210,0
DA:213,0
DA:214,0
DA:219,0
DA:221,0
DA:222,0
DA:225,0
DA:226,0
DA:229,0
DA:230,0
DA:231,0
DA:234,0
DA:235,0
DA:238,0
DA:240,0
DA:241,0
DA:242,0
DA:243,0
DA:244,0
DA:245,0
DA:246,0
DA:247,0
DA:248,0
DA:249,0
DA:263,0
DA:270,0
DA:271,0
DA:279,0
DA:281,0
DA:282,0
DA:285,0
DA:287,0
DA:288,0
DA:290,0
DA:291,0
DA:296,0
DA:298,0
DA:299,0
DA:302,0
DA:304,0
DA:305,0
DA:306,0
DA:307,0
DA:308,0
DA:309,0
DA:310,0
DA:311,0
DA:312,0
DA:314,0
DA:315,0
DA:316,0
DA:317,0
DA:318,0
DA:319,0
DA:322,0
DA:323,0
DA:324,0
DA:325,0
DA:326,0
DA:328,0
DA:330,0
LF:128
LH:0
end_of_record
SF:lib\screens\onboarding\onboarding_screen.dart
DA:8,1
DA:10,1
DA:11,1
DA:42,1
DA:44,2
DA:45,1
DA:48,1
DA:50,1
DA:51,1
DA:52,1
DA:53,1
DA:55,1
DA:57,1
DA:59,1
DA:60,1
DA:61,1
DA:63,1
DA:64,3
DA:72,1
DA:73,1
DA:74,1
DA:75,2
DA:76,4
DA:77,4
DA:82,1
DA:84,1
DA:85,1
DA:87,1
DA:89,1
DA:90,2
DA:91,2
DA:98,1
DA:101,1
DA:102,5
DA:103,1
DA:104,1
DA:105,1
DA:106,4
DA:108,1
DA:109,1
DA:112,1
DA:113,5
DA:132,1
DA:133,1
DA:135,1
DA:137,1
DA:139,1
DA:141,1
DA:142,2
DA:145,1
DA:146,1
DA:148,1
DA:155,1
DA:156,1
DA:157,5
DA:166,1
DA:167,1
DA:168,5
DA:169,4
DA:179,1
DA:180,2
DA:181,1
DA:186,1
DA:188,4
DA:189,5
DA:190,1
DA:195,1
DA:196,2
DA:202,0
DA:203,0
DA:204,0
DA:205,0
DA:206,0
DA:207,0
DA:208,0
DA:219,1
LF:76
LH:69
end_of_record
SF:lib\services\export_service.dart
DA:15,1
DA:30,1
DA:40,1
DA:48,1
DA:49,6
DA:51,1
DA:52,1
DA:53,2
DA:54,2
DA:55,2
DA:58,5
DA:62,5
DA:65,5
DA:66,5
DA:69,1
DA:72,1
DA:75,2
DA:76,3
DA:77,3
DA:78,2
DA:79,3
DA:80,3
DA:81,2
DA:83,2
DA:87,1
DA:88,2
DA:89,1
DA:91,1
DA:92,1
DA:93,1
DA:99,0
DA:100,0
DA:101,0
DA:103,0
DA:104,0
DA:105,0
DA:109,0
DA:113,0
DA:114,0
DA:115,0
DA:117,0
DA:118,0
DA:121,0
DA:125,1
DA:126,3
DA:127,2
DA:133,0
DA:134,0
LF:48
LH:33
end_of_record
SF:lib\screens\insights\insights_screen.dart
DA:16,2
DA:18,2
DA:20,6
DA:22,2
DA:23,2
DA:32,2
DA:34,2
DA:36,6
DA:37,5
DA:38,1
DA:41,4
DA:42,4
DA:43,4
DA:45,2
DA:46,2
DA:47,2
DA:49,2
DA:51,0
DA:52,0
DA:53,0
DA:54,0
DA:55,0
DA:59,2
DA:60,2
DA:61,2
DA:62,2
DA:63,2
DA:64,1
DA:66,1
DA:67,4
DA:69,4
DA:71,5
DA:81,1
DA:87,1
DA:89,1
DA:90,0
DA:91,0
DA:93,0
DA:94,0
DA:96,0
DA:98,0
DA:101,0
DA:103,0
DA:104,0
DA:113,1
DA:115,1
DA:117,1
DA:118,1
DA:120,1
DA:121,4
DA:122,1
DA:124,1
DA:125,1
DA:126,4
DA:128,1
DA:129,1
DA:130,4
DA:131,3
DA:138,1
DA:140,4
DA:145,3
DA:155,1
DA:157,1
DA:159,1
DA:162,1
DA:163,3
DA:164,1
DA:165,1
DA:166,4
DA:169,1
DA:171,1
DA:172,1
DA:174,1
DA:175,1
DA:176,1
DA:178,2
DA:181,1
DA:182,1
DA:184,1
DA:185,1
DA:186,2
DA:187,3
DA:190,1
DA:191,2
DA:192,4
DA:193,3
LF:86
LH:72
end_of_record
SF:lib\screens\auth\auth_callback_screen.dart
DA:10,1
DA:12,1
DA:13,1
DA:20,1
DA:21,2
DA:22,1
DA:24,2
DA:26,3
DA:29,1
DA:31,1
DA:32,3
DA:33,1
DA:34,1
DA:38,1
DA:40,1
DA:41,0
DA:43,0
DA:46,0
DA:47,0
DA:48,0
DA:50,0
DA:52,0
DA:55,1
DA:56,4
DA:61,1
DA:63,1
DA:64,1
DA:65,1
DA:66,1
DA:68,1
DA:69,1
DA:70,3
DA:72,2
DA:74,1
DA:75,1
DA:76,4
LF:36
LH:29
end_of_record
